

Microchip Technology PIC18 LITE Macro Assembler V1.35 build -356382666 
                                                                                               Thu Jul 14 17:49:35 2016

Microchip Technology Omniscient Code Generator v1.35 (Free mode) build 201507080246
     1                           	processor	18F44K22
     2                           	fnconf	rparam,??,?,0
     3                           	opt	pw 120
     4                           	opt	lm
     5                           	psect	cinit,global,reloc=2,class=CODE,delta=1
     6                           	psect	bssCOMRAM,global,class=COMRAM,space=1,delta=1
     7                           	psect	cstackCOMRAM,global,class=COMRAM,space=1,delta=1
     8                           	psect	text0,global,reloc=2,class=CODE,delta=1
     9                           	psect	text1,global,reloc=2,class=CODE,delta=1
    10                           	psect	text2,global,reloc=2,class=CODE,delta=1
    11                           	psect	text3,global,reloc=2,class=CODE,delta=1
    12                           	psect	text4,global,reloc=2,class=CODE,delta=1
    13                           	psect	text5,global,reloc=2,class=CODE,delta=1
    14                           	psect	text6,global,reloc=2,class=CODE,delta=1
    15                           	psect	text7,global,reloc=2,class=CODE,delta=1
    16                           	psect	intcode,global,reloc=2,class=CODE,delta=1
    17                           	psect	text9,global,reloc=2,class=CODE,delta=1
    18                           	psect	intsave_regs,global,class=BIGRAM,space=1,delta=1
    19                           	psect	rparam,global,class=COMRAM,space=1,delta=1
    20                           	psect	temp,global,ovrld,common,class=COMRAM,space=1,delta=1
    21  0000                     _ANSELA	set	3896
    22  0000                     _ANSELB	set	3897
    23  0000                     _ANSELC	set	3898
    24  0000                     _ANSELD	set	3899
    25  0000                     _ANSELE	set	3900
    26  0000                     _BAUDCON1bits	set	4024
    27  0000                     _INTCONbits	set	4082
    28  0000                     _OSCCON	set	4051
    29  0000                     _PIE1bits	set	3997
    30  0000                     _PIR1bits	set	3998
    31  0000                     _PORTA	set	3968
    32  0000                     _PORTB	set	3969
    33  0000                     _PORTBbits	set	3969
    34  0000                     _PORTC	set	3970
    35  0000                     _PORTD	set	3971
    36  0000                     _PORTE	set	3972
    37  0000                     _RCREG1	set	4014
    38  0000                     _RCSTA1bits	set	4011
    39  0000                     _SPBRG1	set	4015
    40  0000                     _TRISA	set	3986
    41  0000                     _TRISB	set	3987
    42  0000                     _TRISC	set	3988
    43  0000                     _TRISCbits	set	3988
    44  0000                     _TRISD	set	3989
    45  0000                     _TRISE	set	3990
    46  0000                     _TXSTA1bits	set	4012
    47                           
    48                           ; #config settings
    49  0000                     
    50                           	psect	cinit
    51  000144                     __pcinit:
    52                           	opt stack 0
    53  000144                     start_initialization:
    54                           	opt stack 0
    55  000144                     __initialization:
    56                           	opt stack 0
    57                           
    58                           ; Clear objects allocated to COMRAM (2 bytes)
    59  000144  6A11               	clrf	(__pbssCOMRAM+1)& (0+255),c
    60  000146  6A10               	clrf	__pbssCOMRAM& (0+255),c
    61  000148                     end_of_initialization:
    62                           	opt stack 0
    63  000148                     __end_of__initialization:
    64                           	opt stack 0
    65  000148  9012               	bcf	int$flags,0,c	;clear compiler interrupt flag (level 1)
    66  00014A  9212               	bcf	int$flags,1,c	;clear compiler interrupt flag (level 2)
    67  00014C  0100               	movlb	0
    68  00014E  EFAE  F000         	goto	_main	;jump to C main() function
    69                           
    70                           	psect	bssCOMRAM
    71  000010                     __pbssCOMRAM:
    72                           	opt stack 0
    73  000010                     _addressed:
    74                           	opt stack 0
    75  000010                     	ds	1
    76  000011                     _overrun:
    77                           	opt stack 0
    78  000011                     	ds	1
    79                           
    80                           	psect	cstackCOMRAM
    81  000001                     __pcstackCOMRAM:
    82                           	opt stack 0
    83  000001                     ??_Isr:
    84  000001                     
    85                           ; 1 bytes @ 0x0
    86  000001                     	ds	14
    87  00000F                     Isr@received:
    88                           	opt stack 0
    89                           
    90                           ; 1 bytes @ 0xE
    91  00000F                     	ds	1
    92  000010                     
    93                           ; 0 bytes @ 0xF
    94 ;;
    95 ;;Main: autosize = 0, tempsize = 0, incstack = 0, save=0
    96 ;;
    97 ;; *************** function _main *****************
    98 ;; Defined at:
    99 ;;		line 74 in file "main.c"
   100 ;; Parameters:    Size  Location     Type
   101 ;;		None
   102 ;; Auto vars:     Size  Location     Type
   103 ;;		None
   104 ;; Return value:  Size  Location     Type
   105 ;;		None               void
   106 ;; Registers used:
   107 ;;		wreg, status,2, cstack
   108 ;; Tracked objects:
   109 ;;		On entry : 0/0
   110 ;;		On exit  : 0/0
   111 ;;		Unchanged: 0/0
   112 ;; Data sizes:     COMRAM   BANK0   BANK1   BANK2
   113 ;;      Params:         0       0       0       0
   114 ;;      Locals:         0       0       0       0
   115 ;;      Temps:          0       0       0       0
   116 ;;      Totals:         0       0       0       0
   117 ;;Total ram usage:        0 bytes
   118 ;; Hardware stack levels required when called:    4
   119 ;; This function calls:
   120 ;;		_Init
   121 ;; This function is called by:
   122 ;;		Startup code after reset
   123 ;; This function uses a non-reentrant model
   124 ;;
   125                           
   126                           	psect	text0
   127  00015C                     __ptext0:
   128                           	opt stack 0
   129  00015C                     _main:
   130                           	opt stack 27
   131                           
   132                           ;main.c: 75: Init();
   133                           
   134                           ;incstack = 0
   135  00015C  EC77  F000         	call	_Init	;wreg free
   136  000160                     l780:
   137                           
   138                           ;main.c: 77: __nop();
   139  000160  F000               	nop	
   140  000162  D7FE               	goto	l780
   141  000164                     __end_of_main:
   142                           	opt stack 0
   143                           
   144 ;; *************** function _Init *****************
   145 ;; Defined at:
   146 ;;		line 3 in file "init.c"
   147 ;; Parameters:    Size  Location     Type
   148 ;;		None
   149 ;; Auto vars:     Size  Location     Type
   150 ;;		None
   151 ;; Return value:  Size  Location     Type
   152 ;;		None               void
   153 ;; Registers used:
   154 ;;		wreg, status,2, cstack
   155 ;; Tracked objects:
   156 ;;		On entry : 0/0
   157 ;;		On exit  : 0/0
   158 ;;		Unchanged: 0/0
   159 ;; Data sizes:     COMRAM   BANK0   BANK1   BANK2
   160 ;;      Params:         0       0       0       0
   161 ;;      Locals:         0       0       0       0
   162 ;;      Temps:          0       0       0       0
   163 ;;      Totals:         0       0       0       0
   164 ;;Total ram usage:        0 bytes
   165 ;; Hardware stack levels used:    1
   166 ;; Hardware stack levels required when called:    3
   167 ;; This function calls:
   168 ;;		_InitAnsel
   169 ;;		_InitInterrupt
   170 ;;		_InitMiscellaneous
   171 ;;		_InitPort
   172 ;;		_InitTransmission
   173 ;;		_InitTris
   174 ;; This function is called by:
   175 ;;		_main
   176 ;; This function uses a non-reentrant model
   177 ;;
   178                           
   179                           	psect	text1
   180  0000EE                     __ptext1:
   181                           	opt stack 0
   182  0000EE                     _Init:
   183                           	opt stack 27
   184                           
   185                           ;init.c: 4: InitPort();
   186                           
   187                           ;incstack = 0
   188  0000EE  EC8F  F000         	call	_InitPort	;wreg free
   189                           
   190                           ;init.c: 5: InitTris();
   191  0000F2  EC84  F000         	call	_InitTris	;wreg free
   192                           
   193                           ;init.c: 6: InitAnsel();
   194  0000F6  EC59  F000         	call	_InitAnsel	;wreg free
   195                           
   196                           ;init.c: 7: InitMiscellaneous();
   197  0000FA  ECB2  F000         	call	_InitMiscellaneous	;wreg free
   198                           
   199                           ;init.c: 8: InitTransmission();
   200  0000FE  EC69  F000         	call	_InitTransmission	;wreg free
   201                           
   202                           ;init.c: 9: InitInterrupt();
   203  000102  ECA9  F000         	call	_InitInterrupt	;wreg free
   204  000106  0012               	return		;funcret
   205  000108                     __end_of_Init:
   206                           	opt stack 0
   207                           
   208 ;; *************** function _InitTris *****************
   209 ;; Defined at:
   210 ;;		line 20 in file "init.c"
   211 ;; Parameters:    Size  Location     Type
   212 ;;		None
   213 ;; Auto vars:     Size  Location     Type
   214 ;;		None
   215 ;; Return value:  Size  Location     Type
   216 ;;		None               void
   217 ;; Registers used:
   218 ;;		wreg, status,2
   219 ;; Tracked objects:
   220 ;;		On entry : 0/0
   221 ;;		On exit  : 0/0
   222 ;;		Unchanged: 0/0
   223 ;; Data sizes:     COMRAM   BANK0   BANK1   BANK2
   224 ;;      Params:         0       0       0       0
   225 ;;      Locals:         0       0       0       0
   226 ;;      Temps:          0       0       0       0
   227 ;;      Totals:         0       0       0       0
   228 ;;Total ram usage:        0 bytes
   229 ;; Hardware stack levels used:    1
   230 ;; Hardware stack levels required when called:    2
   231 ;; This function calls:
   232 ;;		Nothing
   233 ;; This function is called by:
   234 ;;		_Init
   235 ;; This function uses a non-reentrant model
   236 ;;
   237                           
   238                           	psect	text2
   239  000108                     __ptext2:
   240                           	opt stack 0
   241  000108                     _InitTris:
   242                           	opt stack 27
   243                           
   244                           ;init.c: 21: TRISA = 0b00010101;
   245                           
   246                           ;incstack = 0
   247  000108  0E15               	movlw	21
   248  00010A  6E92               	movwf	3986,c	;volatile
   249                           
   250                           ;init.c: 22: TRISB = 0b00010001;
   251  00010C  0E11               	movlw	17
   252  00010E  6E93               	movwf	3987,c	;volatile
   253                           
   254                           ;init.c: 23: TRISC = 0b00010100;
   255  000110  0E14               	movlw	20
   256  000112  6E94               	movwf	3988,c	;volatile
   257                           
   258                           ;init.c: 24: TRISD = 0b00000101;
   259  000114  0E05               	movlw	5
   260  000116  6E95               	movwf	3989,c	;volatile
   261                           
   262                           ;init.c: 25: TRISE = 0b00000101;
   263  000118  0E05               	movlw	5
   264  00011A  6E96               	movwf	3990,c	;volatile
   265  00011C  0012               	return		;funcret
   266  00011E                     __end_of_InitTris:
   267                           	opt stack 0
   268                           
   269 ;; *************** function _InitTransmission *****************
   270 ;; Defined at:
   271 ;;		line 40 in file "init.c"
   272 ;; Parameters:    Size  Location     Type
   273 ;;		None
   274 ;; Auto vars:     Size  Location     Type
   275 ;;		None
   276 ;; Return value:  Size  Location     Type
   277 ;;		None               void
   278 ;; Registers used:
   279 ;;		wreg, status,2
   280 ;; Tracked objects:
   281 ;;		On entry : 0/0
   282 ;;		On exit  : 0/0
   283 ;;		Unchanged: 0/0
   284 ;; Data sizes:     COMRAM   BANK0   BANK1   BANK2
   285 ;;      Params:         0       0       0       0
   286 ;;      Locals:         0       0       0       0
   287 ;;      Temps:          0       0       0       0
   288 ;;      Totals:         0       0       0       0
   289 ;;Total ram usage:        0 bytes
   290 ;; Hardware stack levels used:    1
   291 ;; Hardware stack levels required when called:    2
   292 ;; This function calls:
   293 ;;		Nothing
   294 ;; This function is called by:
   295 ;;		_Init
   296 ;; This function uses a non-reentrant model
   297 ;;
   298                           
   299                           	psect	text3
   300  0000D2                     __ptext3:
   301                           	opt stack 0
   302  0000D2                     _InitTransmission:
   303                           	opt stack 27
   304                           
   305                           ;init.c: 42: TXSTA1bits.SYNC = 0;
   306                           
   307                           ;incstack = 0
   308  0000D2  98AC               	bcf	4012,4,c	;volatile
   309                           
   310                           ;init.c: 43: TXSTA1bits.BRGH = 1;
   311  0000D4  84AC               	bsf	4012,2,c	;volatile
   312                           
   313                           ;init.c: 44: BAUDCON1bits.BRG16 = 0;
   314  0000D6  96B8               	bcf	4024,3,c	;volatile
   315                           
   316                           ;init.c: 45: SPBRG1 = 25;
   317  0000D8  0E19               	movlw	25
   318  0000DA  6EAF               	movwf	4015,c	;volatile
   319                           
   320                           ;init.c: 46: TRISCbits.RC6 = 1;
   321  0000DC  8C94               	bsf	3988,6,c	;volatile
   322                           
   323                           ;init.c: 47: TRISCbits.RC7 = 1;
   324  0000DE  8E94               	bsf	3988,7,c	;volatile
   325                           
   326                           ;init.c: 48: RCSTA1bits.SPEN = 1;
   327  0000E0  8EAB               	bsf	4011,7,c	;volatile
   328                           
   329                           ;init.c: 49: TXSTA1bits.TX9 = 1;
   330  0000E2  8CAC               	bsf	4012,6,c	;volatile
   331                           
   332                           ;init.c: 50: TXSTA1bits.TXEN = 1;
   333  0000E4  8AAC               	bsf	4012,5,c	;volatile
   334                           
   335                           ;init.c: 51: RCSTA1bits.RC9 = 1;
   336  0000E6  8CAB               	bsf	4011,6,c	;volatile
   337                           
   338                           ;init.c: 52: RCSTA1bits.CREN = 1;
   339  0000E8  88AB               	bsf	4011,4,c	;volatile
   340                           
   341                           ;init.c: 53: TRISCbits.RC6 = 0;
   342  0000EA  9C94               	bcf	3988,6,c	;volatile
   343  0000EC  0012               	return		;funcret
   344  0000EE                     __end_of_InitTransmission:
   345                           	opt stack 0
   346                           
   347 ;; *************** function _InitPort *****************
   348 ;; Defined at:
   349 ;;		line 12 in file "init.c"
   350 ;; Parameters:    Size  Location     Type
   351 ;;		None
   352 ;; Auto vars:     Size  Location     Type
   353 ;;		None
   354 ;; Return value:  Size  Location     Type
   355 ;;		None               void
   356 ;; Registers used:
   357 ;;		wreg, status,2
   358 ;; Tracked objects:
   359 ;;		On entry : 0/0
   360 ;;		On exit  : 0/0
   361 ;;		Unchanged: 0/0
   362 ;; Data sizes:     COMRAM   BANK0   BANK1   BANK2
   363 ;;      Params:         0       0       0       0
   364 ;;      Locals:         0       0       0       0
   365 ;;      Temps:          0       0       0       0
   366 ;;      Totals:         0       0       0       0
   367 ;;Total ram usage:        0 bytes
   368 ;; Hardware stack levels used:    1
   369 ;; Hardware stack levels required when called:    2
   370 ;; This function calls:
   371 ;;		Nothing
   372 ;; This function is called by:
   373 ;;		_Init
   374 ;; This function uses a non-reentrant model
   375 ;;
   376                           
   377                           	psect	text4
   378  00011E                     __ptext4:
   379                           	opt stack 0
   380  00011E                     _InitPort:
   381                           	opt stack 27
   382                           
   383                           ;init.c: 13: PORTA = 0b00000000;
   384                           
   385                           ;incstack = 0
   386  00011E  0E00               	movlw	0
   387  000120  6E80               	movwf	3968,c	;volatile
   388                           
   389                           ;init.c: 14: PORTB = 0b00000000;
   390  000122  0E00               	movlw	0
   391  000124  6E81               	movwf	3969,c	;volatile
   392                           
   393                           ;init.c: 15: PORTC = 0b00000000;
   394  000126  0E00               	movlw	0
   395  000128  6E82               	movwf	3970,c	;volatile
   396                           
   397                           ;init.c: 16: PORTD = 0b00000000;
   398  00012A  0E00               	movlw	0
   399  00012C  6E83               	movwf	3971,c	;volatile
   400                           
   401                           ;init.c: 17: PORTE = 0b00000000;
   402  00012E  0E00               	movlw	0
   403  000130  6E84               	movwf	3972,c	;volatile
   404  000132  0012               	return		;funcret
   405  000134                     __end_of_InitPort:
   406                           	opt stack 0
   407                           
   408 ;; *************** function _InitMiscellaneous *****************
   409 ;; Defined at:
   410 ;;		line 36 in file "init.c"
   411 ;; Parameters:    Size  Location     Type
   412 ;;		None
   413 ;; Auto vars:     Size  Location     Type
   414 ;;		None
   415 ;; Return value:  Size  Location     Type
   416 ;;		None               void
   417 ;; Registers used:
   418 ;;		wreg, status,2
   419 ;; Tracked objects:
   420 ;;		On entry : 0/0
   421 ;;		On exit  : 0/0
   422 ;;		Unchanged: 0/0
   423 ;; Data sizes:     COMRAM   BANK0   BANK1   BANK2
   424 ;;      Params:         0       0       0       0
   425 ;;      Locals:         0       0       0       0
   426 ;;      Temps:          0       0       0       0
   427 ;;      Totals:         0       0       0       0
   428 ;;Total ram usage:        0 bytes
   429 ;; Hardware stack levels used:    1
   430 ;; Hardware stack levels required when called:    2
   431 ;; This function calls:
   432 ;;		Nothing
   433 ;; This function is called by:
   434 ;;		_Init
   435 ;; This function uses a non-reentrant model
   436 ;;
   437                           
   438                           	psect	text5
   439  000164                     __ptext5:
   440                           	opt stack 0
   441  000164                     _InitMiscellaneous:
   442                           	opt stack 27
   443                           
   444                           ;init.c: 37: OSCCON = 0b01010011;
   445                           
   446                           ;incstack = 0
   447  000164  0E53               	movlw	83
   448  000166  6ED3               	movwf	4051,c	;volatile
   449  000168  0012               	return		;funcret
   450  00016A                     __end_of_InitMiscellaneous:
   451                           	opt stack 0
   452                           
   453 ;; *************** function _InitInterrupt *****************
   454 ;; Defined at:
   455 ;;		line 56 in file "init.c"
   456 ;; Parameters:    Size  Location     Type
   457 ;;		None
   458 ;; Auto vars:     Size  Location     Type
   459 ;;		None
   460 ;; Return value:  Size  Location     Type
   461 ;;		None               void
   462 ;; Registers used:
   463 ;;		None
   464 ;; Tracked objects:
   465 ;;		On entry : 0/0
   466 ;;		On exit  : 0/0
   467 ;;		Unchanged: 0/0
   468 ;; Data sizes:     COMRAM   BANK0   BANK1   BANK2
   469 ;;      Params:         0       0       0       0
   470 ;;      Locals:         0       0       0       0
   471 ;;      Temps:          0       0       0       0
   472 ;;      Totals:         0       0       0       0
   473 ;;Total ram usage:        0 bytes
   474 ;; Hardware stack levels used:    1
   475 ;; Hardware stack levels required when called:    2
   476 ;; This function calls:
   477 ;;		Nothing
   478 ;; This function is called by:
   479 ;;		_Init
   480 ;; This function uses a non-reentrant model
   481 ;;
   482                           
   483                           	psect	text6
   484  000152                     __ptext6:
   485                           	opt stack 0
   486  000152                     _InitInterrupt:
   487                           	opt stack 27
   488                           
   489                           ;init.c: 57: INTCONbits.GIE = 1;
   490                           
   491                           ;incstack = 0
   492  000152  8EF2               	bsf	intcon,7,c	;volatile
   493                           
   494                           ;init.c: 58: INTCONbits.PEIE = 1;
   495  000154  8CF2               	bsf	intcon,6,c	;volatile
   496                           
   497                           ;init.c: 59: PIE1bits.RCIE = 1;
   498  000156  8A9D               	bsf	3997,5,c	;volatile
   499                           
   500                           ;init.c: 60: PIR1bits.RCIF= 0;
   501  000158  9A9E               	bcf	3998,5,c	;volatile
   502  00015A  0012               	return		;funcret
   503  00015C                     __end_of_InitInterrupt:
   504                           	opt stack 0
   505                           intcon	equ	0xFF2
   506                           
   507 ;; *************** function _InitAnsel *****************
   508 ;; Defined at:
   509 ;;		line 28 in file "init.c"
   510 ;; Parameters:    Size  Location     Type
   511 ;;		None
   512 ;; Auto vars:     Size  Location     Type
   513 ;;		None
   514 ;; Return value:  Size  Location     Type
   515 ;;		None               void
   516 ;; Registers used:
   517 ;;		wreg, status,2
   518 ;; Tracked objects:
   519 ;;		On entry : 0/0
   520 ;;		On exit  : 0/0
   521 ;;		Unchanged: 0/0
   522 ;; Data sizes:     COMRAM   BANK0   BANK1   BANK2
   523 ;;      Params:         0       0       0       0
   524 ;;      Locals:         0       0       0       0
   525 ;;      Temps:          0       0       0       0
   526 ;;      Totals:         0       0       0       0
   527 ;;Total ram usage:        0 bytes
   528 ;; Hardware stack levels used:    1
   529 ;; Hardware stack levels required when called:    2
   530 ;; This function calls:
   531 ;;		Nothing
   532 ;; This function is called by:
   533 ;;		_Init
   534 ;; This function uses a non-reentrant model
   535 ;;
   536                           
   537                           	psect	text7
   538  0000B2                     __ptext7:
   539                           	opt stack 0
   540  0000B2                     _InitAnsel:
   541                           	opt stack 27
   542                           
   543                           ;init.c: 29: ANSELA = 0b00000000;
   544                           
   545                           ;incstack = 0
   546  0000B2  0E00               	movlw	0
   547  0000B4  010F               	movlb	15	; () banked
   548  0000B6  6F38               	movwf	56,b	;volatile
   549                           
   550                           ;init.c: 30: ANSELB = 0b00000001;
   551  0000B8  0E01               	movlw	1
   552  0000BA  010F               	movlb	15	; () banked
   553  0000BC  6F39               	movwf	57,b	;volatile
   554                           
   555                           ;init.c: 31: ANSELC = 0b00000000;
   556  0000BE  0E00               	movlw	0
   557  0000C0  010F               	movlb	15	; () banked
   558  0000C2  6F3A               	movwf	58,b	;volatile
   559                           
   560                           ;init.c: 32: ANSELD = 0b00000000;
   561  0000C4  0E00               	movlw	0
   562  0000C6  010F               	movlb	15	; () banked
   563  0000C8  6F3B               	movwf	59,b	;volatile
   564                           
   565                           ;init.c: 33: ANSELE = 0b00000000;
   566  0000CA  0E00               	movlw	0
   567  0000CC  010F               	movlb	15	; () banked
   568  0000CE  6F3C               	movwf	60,b	;volatile
   569                           
   570                           ; BSR set to: 15
   571  0000D0  0012               	return		;funcret
   572  0000D2                     __end_of_InitAnsel:
   573                           	opt stack 0
   574                           intcon	equ	0xFF2
   575                           
   576 ;; *************** function _Isr *****************
   577 ;; Defined at:
   578 ;;		line 3 in file "interrupt.c"
   579 ;; Parameters:    Size  Location     Type
   580 ;;		None
   581 ;; Auto vars:     Size  Location     Type
   582 ;;  received        1   14[COMRAM] unsigned char 
   583 ;; Return value:  Size  Location     Type
   584 ;;		None               void
   585 ;; Registers used:
   586 ;;		wreg, status,2, status,0, cstack
   587 ;; Tracked objects:
   588 ;;		On entry : 0/0
   589 ;;		On exit  : 0/0
   590 ;;		Unchanged: 0/0
   591 ;; Data sizes:     COMRAM   BANK0   BANK1   BANK2
   592 ;;      Params:         0       0       0       0
   593 ;;      Locals:         1       0       0       0
   594 ;;      Temps:         14       0       0       0
   595 ;;      Totals:        15       0       0       0
   596 ;;Total ram usage:       15 bytes
   597 ;; Hardware stack levels used:    1
   598 ;; Hardware stack levels required when called:    1
   599 ;; This function calls:
   600 ;;		_Receive
   601 ;; This function is called by:
   602 ;;		Interrupt level 2
   603 ;; This function uses a non-reentrant model
   604 ;;
   605                           
   606                           	psect	intcode
   607  000008                     __pintcode:
   608                           	opt stack 0
   609  000008                     _Isr:
   610                           	opt stack 27
   611                           
   612                           ; BSR set to: 15
   613                           ;incstack = 0
   614  000008  8212               	bsf	btemp,1,c	;set compiler interrupt flag (level 2)
   615  00000A  CFFA F001          	movff	pclath,??_Isr
   616  00000E  CFFB F002          	movff	pclatu,??_Isr+1
   617  000012  CFE9 F003          	movff	fsr0l,??_Isr+2
   618  000016  CFEA F004          	movff	fsr0h,??_Isr+3
   619  00001A  CFE1 F005          	movff	fsr1l,??_Isr+4
   620  00001E  CFE2 F006          	movff	fsr1h,??_Isr+5
   621  000022  CFD9 F007          	movff	fsr2l,??_Isr+6
   622  000026  CFDA F008          	movff	fsr2h,??_Isr+7
   623  00002A  CFF3 F009          	movff	prodl,??_Isr+8
   624  00002E  CFF4 F00A          	movff	prodh,??_Isr+9
   625  000032  CFF6 F00B          	movff	tblptrl,??_Isr+10
   626  000036  CFF7 F00C          	movff	tblptrh,??_Isr+11
   627  00003A  CFF8 F00D          	movff	tblptru,??_Isr+12
   628  00003E  CFF5 F00E          	movff	tablat,??_Isr+13
   629                           
   630                           ;interrupt.c: 4: unsigned char received = 0;
   631  000042  0E00               	movlw	0
   632  000044  6E0F               	movwf	Isr@received,c
   633                           
   634                           ;interrupt.c: 5: if(PIR1bits.RCIF == 1) {
   635  000046  AA9E               	btfss	3998,5,c	;volatile
   636  000048  D014               	goto	i2l138
   637                           
   638                           ;interrupt.c: 6: received = Receive();
   639  00004A  EC9A  F000         	call	_Receive	;wreg free
   640  00004E  6E0F               	movwf	Isr@received,c
   641                           
   642                           ;interrupt.c: 7: if(RCSTA1bits.RX9D == 1) {
   643  000050  A0AB               	btfss	4011,0,c	;volatile
   644  000052  D00A               	goto	i2l134
   645                           
   646                           ;interrupt.c: 8: addressed = 1;
   647  000054  0E01               	movlw	1
   648  000056  6E10               	movwf	_addressed,c
   649                           
   650                           ;interrupt.c: 9: if(Receive() != 1) {
   651  000058  EC9A  F000         	call	_Receive	;wreg free
   652  00005C  06E8               	decf	wreg,f,c
   653  00005E  B4D8               	btfsc	status,2,c
   654  000060  D008               	goto	i2l138
   655                           
   656                           ;interrupt.c: 10: addressed = 0;
   657  000062  0E00               	movlw	0
   658  000064  6E10               	movwf	_addressed,c
   659                           
   660                           ;interrupt.c: 11: }
   661                           ;interrupt.c: 12: }else if(RCSTA1bits.RX9D != 1 && addressed == 1) {
   662  000066  D005               	goto	i2l138
   663  000068                     i2l134:
   664  000068  B0AB               	btfsc	4011,0,c	;volatile
   665  00006A  D003               	goto	i2l138
   666  00006C  0410               	decf	_addressed,w,c
   667  00006E  B4D8               	btfsc	status,2,c
   668                           
   669                           ;interrupt.c: 13: PORTBbits.RB3 ^= 1;
   670  000070  7681               	btg	3969,3,c	;volatile
   671  000072                     i2l138:
   672  000072  C00E  FFF5         	movff	??_Isr+13,tablat
   673  000076  C00D  FFF8         	movff	??_Isr+12,tblptru
   674  00007A  C00C  FFF7         	movff	??_Isr+11,tblptrh
   675  00007E  C00B  FFF6         	movff	??_Isr+10,tblptrl
   676  000082  C00A  FFF4         	movff	??_Isr+9,prodh
   677  000086  C009  FFF3         	movff	??_Isr+8,prodl
   678  00008A  C008  FFDA         	movff	??_Isr+7,fsr2h
   679  00008E  C007  FFD9         	movff	??_Isr+6,fsr2l
   680  000092  C006  FFE2         	movff	??_Isr+5,fsr1h
   681  000096  C005  FFE1         	movff	??_Isr+4,fsr1l
   682  00009A  C004  FFEA         	movff	??_Isr+3,fsr0h
   683  00009E  C003  FFE9         	movff	??_Isr+2,fsr0l
   684  0000A2  C002  FFFB         	movff	??_Isr+1,pclatu
   685  0000A6  C001  FFFA         	movff	??_Isr,pclath
   686  0000AA  9212               	bcf	btemp,1,c	;clear compiler interrupt flag (level 2)
   687  0000AC  0011               	retfie		f
   688  0000AE                     __end_of_Isr:
   689                           	opt stack 0
   690                           pclatu	equ	0xFFB
   691                           pclath	equ	0xFFA
   692                           tblptru	equ	0xFF8
   693                           tblptrh	equ	0xFF7
   694                           tblptrl	equ	0xFF6
   695                           tablat	equ	0xFF5
   696                           prodh	equ	0xFF4
   697                           prodl	equ	0xFF3
   698                           intcon	equ	0xFF2
   699                           fsr0h	equ	0xFEA
   700                           fsr0l	equ	0xFE9
   701                           wreg	equ	0xFE8
   702                           fsr1h	equ	0xFE2
   703                           fsr1l	equ	0xFE1
   704                           fsr2h	equ	0xFDA
   705                           fsr2l	equ	0xFD9
   706                           status	equ	0xFD8
   707                           
   708 ;; *************** function _Receive *****************
   709 ;; Defined at:
   710 ;;		line 8 in file "communication.c"
   711 ;; Parameters:    Size  Location     Type
   712 ;;		None
   713 ;; Auto vars:     Size  Location     Type
   714 ;;		None
   715 ;; Return value:  Size  Location     Type
   716 ;;                  1    wreg      unsigned char 
   717 ;; Registers used:
   718 ;;		wreg, status,2
   719 ;; Tracked objects:
   720 ;;		On entry : 0/0
   721 ;;		On exit  : 0/0
   722 ;;		Unchanged: 0/0
   723 ;; Data sizes:     COMRAM   BANK0   BANK1   BANK2
   724 ;;      Params:         0       0       0       0
   725 ;;      Locals:         0       0       0       0
   726 ;;      Temps:          0       0       0       0
   727 ;;      Totals:         0       0       0       0
   728 ;;Total ram usage:        0 bytes
   729 ;; Hardware stack levels used:    1
   730 ;; This function calls:
   731 ;;		Nothing
   732 ;; This function is called by:
   733 ;;		_Isr
   734 ;; This function uses a non-reentrant model
   735 ;;
   736                           
   737                           	psect	text9
   738  000134                     __ptext9:
   739                           	opt stack 0
   740  000134                     _Receive:
   741                           	opt stack 27
   742                           
   743                           ;communication.c: 9: if(RCSTA1bits.OERR == 1) {
   744                           
   745                           ;incstack = 0
   746  000134  A2AB               	btfss	4011,1,c	;volatile
   747  000136  D004               	goto	i2l28
   748                           
   749                           ;communication.c: 10: RCSTA1bits.CREN = 0;
   750  000138  98AB               	bcf	4011,4,c	;volatile
   751                           
   752                           ;communication.c: 11: RCSTA1bits.CREN = 1;
   753  00013A  88AB               	bsf	4011,4,c	;volatile
   754                           
   755                           ;communication.c: 12: overrun = 1;
   756  00013C  0E01               	movlw	1
   757  00013E  6E11               	movwf	_overrun,c
   758  000140                     i2l28:
   759                           
   760                           ;communication.c: 13: }
   761                           ;communication.c: 14: return (RCREG1);
   762  000140  50AE               	movf	4014,w,c	;volatile
   763  000142  0012               	return	
   764  000144                     __end_of_Receive:
   765                           	opt stack 0
   766  0000                     pclatu	equ	0xFFB
   767                           pclath	equ	0xFFA
   768                           tblptru	equ	0xFF8
   769                           tblptrh	equ	0xFF7
   770                           tblptrl	equ	0xFF6
   771                           tablat	equ	0xFF5
   772                           prodh	equ	0xFF4
   773                           prodl	equ	0xFF3
   774                           intcon	equ	0xFF2
   775                           fsr0h	equ	0xFEA
   776                           fsr0l	equ	0xFE9
   777                           wreg	equ	0xFE8
   778                           fsr1h	equ	0xFE2
   779                           fsr1l	equ	0xFE1
   780                           fsr2h	equ	0xFDA
   781                           fsr2l	equ	0xFD9
   782                           status	equ	0xFD8
   783                           pclatu	equ	0xFFB
   784                           pclath	equ	0xFFA
   785                           tblptru	equ	0xFF8
   786                           tblptrh	equ	0xFF7
   787                           tblptrl	equ	0xFF6
   788                           tablat	equ	0xFF5
   789                           prodh	equ	0xFF4
   790                           prodl	equ	0xFF3
   791                           intcon	equ	0xFF2
   792                           fsr0h	equ	0xFEA
   793                           fsr0l	equ	0xFE9
   794                           wreg	equ	0xFE8
   795                           fsr1h	equ	0xFE2
   796                           fsr1l	equ	0xFE1
   797                           fsr2h	equ	0xFDA
   798                           fsr2l	equ	0xFD9
   799                           status	equ	0xFD8
   800                           
   801                           	psect	rparam
   802  0000                     pclatu	equ	0xFFB
   803                           pclath	equ	0xFFA
   804                           tblptru	equ	0xFF8
   805                           tblptrh	equ	0xFF7
   806                           tblptrl	equ	0xFF6
   807                           tablat	equ	0xFF5
   808                           prodh	equ	0xFF4
   809                           prodl	equ	0xFF3
   810                           intcon	equ	0xFF2
   811                           fsr0h	equ	0xFEA
   812                           fsr0l	equ	0xFE9
   813                           wreg	equ	0xFE8
   814                           fsr1h	equ	0xFE2
   815                           fsr1l	equ	0xFE1
   816                           fsr2h	equ	0xFDA
   817                           fsr2l	equ	0xFD9
   818                           status	equ	0xFD8
   819                           
   820                           	psect	temp
   821  000012                     btemp:
   822                           	opt stack 0
   823  000012                     	ds	1
   824  0000                     int$flags	set	btemp
   825                           pclatu	equ	0xFFB
   826                           pclath	equ	0xFFA
   827                           tblptru	equ	0xFF8
   828                           tblptrh	equ	0xFF7
   829                           tblptrl	equ	0xFF6
   830                           tablat	equ	0xFF5
   831                           prodh	equ	0xFF4
   832                           prodl	equ	0xFF3
   833                           intcon	equ	0xFF2
   834                           fsr0h	equ	0xFEA
   835                           fsr0l	equ	0xFE9
   836                           wreg	equ	0xFE8
   837                           fsr1h	equ	0xFE2
   838                           fsr1l	equ	0xFE1
   839                           fsr2h	equ	0xFDA
   840                           fsr2l	equ	0xFD9
   841                           status	equ	0xFD8


Data Sizes:
    Strings     0
    Constant    0
    Data        0
    BSS         2
    Persistent  0
    Stack       0

Auto Spaces:
    Space          Size  Autos    Used
    COMRAM           94     15      17
    BANK0           160      0       0
    BANK1           256      0       0
    BANK2           256      0       0

Pointer List with Targets:

    None.

Critical Paths under _main in COMRAM

    None.

Critical Paths under _Isr in COMRAM

    None.

Critical Paths under _main in BANK0

    None.

Critical Paths under _Isr in BANK0

    None.

Critical Paths under _main in BANK1

    None.

Critical Paths under _Isr in BANK1

    None.

Critical Paths under _main in BANK2

    None.

Critical Paths under _Isr in BANK2

    None.

Call Graph Tables:

 ---------------------------------------------------------------------------------
 (Depth) Function   	        Calls       Base Space   Used Autos Params    Refs
 ---------------------------------------------------------------------------------
 (0) _main                                                 0     0      0       0
                               _Init
 ---------------------------------------------------------------------------------
 (1) _Init                                                 0     0      0       0
                          _InitAnsel
                      _InitInterrupt
                  _InitMiscellaneous
                           _InitPort
                   _InitTransmission
                           _InitTris
 ---------------------------------------------------------------------------------
 (2) _InitTris                                             0     0      0       0
 ---------------------------------------------------------------------------------
 (2) _InitTransmission                                     0     0      0       0
 ---------------------------------------------------------------------------------
 (2) _InitPort                                             0     0      0       0
 ---------------------------------------------------------------------------------
 (2) _InitMiscellaneous                                    0     0      0       0
 ---------------------------------------------------------------------------------
 (2) _InitInterrupt                                        0     0      0       0
 ---------------------------------------------------------------------------------
 (2) _InitAnsel                                            0     0      0       0
 ---------------------------------------------------------------------------------
 Estimated maximum stack depth 2
 ---------------------------------------------------------------------------------
 (Depth) Function   	        Calls       Base Space   Used Autos Params    Refs
 ---------------------------------------------------------------------------------
 (3) _Isr                                                 15    15      0       0
                                              0 COMRAM    15    15      0
                            _Receive
 ---------------------------------------------------------------------------------
 (4) _Receive                                              0     0      0       0
 ---------------------------------------------------------------------------------
 Estimated maximum stack depth 4
 ---------------------------------------------------------------------------------

 Call Graph Graphs:

 _main (ROOT)
   _Init
     _InitAnsel
     _InitInterrupt
     _InitMiscellaneous
     _InitPort
     _InitTransmission
     _InitTris

 _Isr (ROOT)
   _Receive

 Address spaces:
Name               Size   Autos  Total    Cost      Usage
BIGRAM             2FF      0       0      10        0.0%
EEDATA             100      0       0       0        0.0%
BITBANK2           100      0       0       6        0.0%
BANK2              100      0       0       7        0.0%
BITBANK1           100      0       0       9        0.0%
BANK1              100      0       0       5        0.0%
BITBANK0            A0      0       0       3        0.0%
BANK0               A0      0       0       4        0.0%
BITCOMRAM           5E      0       0       0        0.0%
COMRAM              5E      F      11       1       18.1%
BITSFR_1             0      0       0      40        0.0%
SFR_1                0      0       0      40        0.0%
BITSFR               0      0       0      40        0.0%
SFR                  0      0       0      40        0.0%
STACK                0      0       0       2        0.0%
NULL                 0      0       0       0        0.0%
ABS                  0      0      11       8        0.0%
DATA                 0      0      11      11        0.0%
CODE                 0      0       0       0        0.0%


Microchip Technology PIC18 Macro Assembler V1.35 build -356382666 
Symbol Table                                                                                   Thu Jul 14 17:49:35 2016

              __CFG_CP0$OFF 000000                __CFG_CP1$OFF 000000                         l780 0160  
              __CFG_CPB$OFF 000000                __CFG_CPD$OFF 000000                         _Isr 0008  
                       wreg 000FE8                  _TXSTA1bits 000FAC                __CFG_LVP$OFF 000000  
                      ?_Isr 0001                        i2l28 0140                        _Init 00EE  
                      _main 015C                        fsr0h 000FEA                        fsr1h 000FE2  
                      fsr0l 000FE9                        fsr2h 000FDA                        fsr1l 000FE1  
                      fsr2l 000FD9                        btemp 0012               __CFG_BORV$190 000000  
                      pclat 000FFA                        prodh 000FF4                        prodl 000FF3  
                      start 00AE               __CFG_IESO$OFF 000000                ___param_bank 000010  
             _InitInterrupt 0152                       ??_Isr 0001             __end_of_Receive 0144  
              _BAUDCON1bits 000FB8                       ?_Init 0001                       ?_main 0001  
         _InitMiscellaneous 0164                       i2l134 0068                       i2l138 0072  
                     _PORTA 000F80                       _PORTB 000F81                       _PORTC 000F82  
                     _PORTD 000F83                       _PORTE 000F84                       _TRISA 000F92  
                     _TRISB 000F93                       _TRISC 000F94                       _TRISD 000F95  
                     _TRISE 000F96               __CFG_WRT0$OFF 000000    __end_of_InitTransmission 00EE  
             __CFG_WRT1$OFF 000000          ?_InitMiscellaneous 0001              __CFG_EBTR0$OFF 000000  
            __CFG_FCMEN$OFF 000000              __CFG_EBTR1$OFF 000000               __CFG_WRTB$OFF 000000  
             __CFG_WRTC$OFF 000000               __CFG_WRTD$OFF 000000              __CFG_EBTRB$OFF 000000  
        __CFG_MCLRE$EXTMCLR 000000                 Isr@received 000F              __CFG_BOREN$OFF 000000  
       ??_InitMiscellaneous 0010                       tablat 000FF5                       status 000FD8  
            ?_InitInterrupt 0001             __initialization 0144                __end_of_Init 0108  
              __end_of_main 0164            __end_of_InitPort 0134            __end_of_InitTris 011E  
 __end_of_InitMiscellaneous 016A                      ??_Init 0010                      ??_main 0010  
             __activetblptr 000000                      _ANSELA 000F38                      _ANSELB 000F39  
                    _ANSELC 000F3A                      _ANSELD 000F3B                      _ANSELE 000F3C  
            __CFG_WDTEN$OFF 000000                      _RCREG1 000FAE                      _OSCCON 000FD3  
        __size_of_InitAnsel 0020                      _SPBRG1 000FAF                   ??_Receive 0001  
            __CFG_XINST$OFF 000000                      tblptrh 000FF7                      tblptrl 000FF6  
                    tblptru 000FF8             __CFG_HFOFST$OFF 000000                  __accesstop 0060  
   __end_of__initialization 0148             __CFG_PBADEN$OFF 000000             ??_InitInterrupt 0010  
             ___rparam_used 000001              __pcstackCOMRAM 0001  __size_of_InitMiscellaneous 0006  
         __end_of_InitAnsel 00D2             __CFG_PLLCFG$OFF 000000                   ?_InitPort 0001  
                 ?_InitTris 0001          __CFG_CCP2MX$PORTC1 000000          __CFG_CCP3MX$PORTB5 000000  
         ?_InitTransmission 0001           __CFG_PRICLKEN$OFF 000000          ??_InitTransmission 0010  
                ??_InitPort 0010                  ??_InitTris 0010             __CFG_PWRTEN$OFF 000000  
                   _Receive 0134                     __Hparam 0000                     __Lparam 0000  
           __CFG_STVREN$OFF 000000                     __pcinit 0144                     __ramtop 0300  
                   __ptext0 015C                     __ptext1 00EE                     __ptext2 0108  
                   __ptext3 00D2                     __ptext4 011E                     __ptext5 0164  
                   __ptext6 0152                     __ptext7 00B2                     __ptext9 0134  
              __size_of_Isr 00A6                     _overrun 0011        end_of_initialization 0148  
                 _PORTBbits 000F81                   _TRISCbits 000F94         start_initialization 0144  
                 _InitAnsel 00B2                 __end_of_Isr 00AE           __size_of_InitPort 0016  
         __size_of_InitTris 0016       __end_of_InitInterrupt 015C                 __pbssCOMRAM 0010  
                ?_InitAnsel 0001                   _addressed 0010                    ?_Receive 0001  
 __size_of_InitTransmission 001C                   __pintcode 0008                    _PIE1bits 000F9D  
                  _PIR1bits 000F9E            __CFG_WDTPS$32768 000000                 ??_InitAnsel 0010  
                  _InitPort 011E                    _InitTris 0108                    __Hrparam 0000  
          __size_of_Receive 0010                    __Lrparam 0000           __CFG_P2BMX$PORTD2 000000  
             __size_of_Init 001A               __size_of_main 0008            _InitTransmission 00D2  
                  int$flags 0012                  _INTCONbits 000FF2                    intlevel2 0000  
                _RCSTA1bits 000FAB           __CFG_T3CMX$PORTC0 000000      __size_of_InitInterrupt 000A  
         __CFG_FOSC$INTIO67 000000  
