

Microchip Technology PIC18 LITE Macro Assembler V1.35 build -356382666 
                                                                                               Sun Jul 17 23:00:24 2016

Microchip Technology Omniscient Code Generator v1.35 (Free mode) build 201507080246
     1                           	processor	18F23K22
     2                           	fnconf	rparam,??,?,0
     3                           	opt	pw 120
     4                           	opt	lm
     5                           	psect	cinit,global,reloc=2,class=CODE,delta=1
     6                           	psect	bssCOMRAM,global,class=COMRAM,space=1,delta=1
     7                           	psect	cstackCOMRAM,global,class=COMRAM,space=1,delta=1
     8                           	psect	text0,global,reloc=2,class=CODE,delta=1
     9                           	psect	text1,global,reloc=2,class=CODE,delta=1
    10                           	psect	text2,global,reloc=2,class=CODE,delta=1
    11                           	psect	text3,global,reloc=2,class=CODE,delta=1
    12                           	psect	text4,global,reloc=2,class=CODE,delta=1
    13                           	psect	text5,global,reloc=2,class=CODE,delta=1
    14                           	psect	text6,global,reloc=2,class=CODE,delta=1
    15                           	psect	text7,global,reloc=2,class=CODE,delta=1
    16                           	psect	text8,global,reloc=2,class=CODE,delta=1
    17                           	psect	text9,global,reloc=2,class=CODE,delta=1
    18                           	psect	intcode,global,reloc=2,class=CODE,delta=1
    19                           	psect	text11,global,reloc=2,class=CODE,delta=1
    20                           	psect	intsave_regs,global,class=BIGRAM,space=1,delta=1
    21                           	psect	rparam,global,class=COMRAM,space=1,delta=1
    22                           	psect	temp,global,ovrld,common,class=COMRAM,space=1,delta=1
    23  0000                     _ANSELA	set	3896
    24  0000                     _ANSELB	set	3897
    25  0000                     _ANSELC	set	3898
    26  0000                     _BAUDCON1bits	set	4024
    27  0000                     _INTCONbits	set	4082
    28  0000                     _OSCCON	set	4051
    29  0000                     _PIE1bits	set	3997
    30  0000                     _PIR1bits	set	3998
    31  0000                     _PORTA	set	3968
    32  0000                     _PORTAbits	set	3968
    33  0000                     _PORTB	set	3969
    34  0000                     _PORTBbits	set	3969
    35  0000                     _PORTC	set	3970
    36  0000                     _PORTE	set	3972
    37  0000                     _RCREG1	set	4014
    38  0000                     _RCSTA1bits	set	4011
    39  0000                     _SPBRG1	set	4015
    40  0000                     _SSP1CON1	set	4038
    41  0000                     _SSP1STAT	set	4039
    42  0000                     _TRISA	set	3986
    43  0000                     _TRISB	set	3987
    44  0000                     _TRISC	set	3988
    45  0000                     _TRISCbits	set	3988
    46  0000                     _TRISE	set	3990
    47  0000                     _TXREG1	set	4013
    48  0000                     _TXSTA1bits	set	4012
    49                           
    50                           ; #config settings
    51  0000                     
    52                           	psect	cinit
    53  00016C                     __pcinit:
    54                           	opt stack 0
    55  00016C                     start_initialization:
    56                           	opt stack 0
    57  00016C                     __initialization:
    58                           	opt stack 0
    59                           
    60                           ; Clear objects allocated to COMRAM (1 bytes)
    61  00016C  6A12               	clrf	__pbssCOMRAM& (0+255),c
    62  00016E                     end_of_initialization:
    63                           	opt stack 0
    64  00016E                     __end_of__initialization:
    65                           	opt stack 0
    66  00016E  9013               	bcf	int$flags,0,c	;clear compiler interrupt flag (level 1)
    67  000170  9213               	bcf	int$flags,1,c	;clear compiler interrupt flag (level 2)
    68  000172  0100               	movlb	0
    69  000174  EF84  F000         	goto	_main	;jump to C main() function
    70                           
    71                           	psect	bssCOMRAM
    72  000012                     __pbssCOMRAM:
    73                           	opt stack 0
    74  000012                     _overrun:
    75                           	opt stack 0
    76  000012                     	ds	1
    77                           
    78                           	psect	cstackCOMRAM
    79  000001                     __pcstackCOMRAM:
    80                           	opt stack 0
    81  000001                     ??_Isr:
    82  000001                     
    83                           ; 1 bytes @ 0x0
    84  000001                     	ds	14
    85  00000F                     Isr@received:
    86                           	opt stack 0
    87                           
    88                           ; 1 bytes @ 0xE
    89  00000F                     	ds	1
    90  000010                     Transmit@trans_data:
    91                           	opt stack 0
    92                           
    93                           ; 1 bytes @ 0xF
    94  000010                     	ds	1
    95  000011                     Transmit@slave:
    96                           	opt stack 0
    97                           
    98                           ; 1 bytes @ 0x10
    99  000011                     	ds	1
   100  000012                     
   101                           ; 0 bytes @ 0x11
   102 ;;
   103 ;;Main: autosize = 0, tempsize = 0, incstack = 0, save=0
   104 ;;
   105 ;; *************** function _main *****************
   106 ;; Defined at:
   107 ;;		line 80 in file "main.c"
   108 ;; Parameters:    Size  Location     Type
   109 ;;		None
   110 ;; Auto vars:     Size  Location     Type
   111 ;;		None
   112 ;; Return value:  Size  Location     Type
   113 ;;		None               void
   114 ;; Registers used:
   115 ;;		wreg, status,2, cstack
   116 ;; Tracked objects:
   117 ;;		On entry : 0/0
   118 ;;		On exit  : 0/0
   119 ;;		Unchanged: 0/0
   120 ;; Data sizes:     COMRAM   BANK0   BANK1
   121 ;;      Params:         0       0       0
   122 ;;      Locals:         0       0       0
   123 ;;      Temps:          0       0       0
   124 ;;      Totals:         0       0       0
   125 ;;Total ram usage:        0 bytes
   126 ;; Hardware stack levels required when called:    4
   127 ;; This function calls:
   128 ;;		_Init
   129 ;;		_Transmit
   130 ;; This function is called by:
   131 ;;		Startup code after reset
   132 ;; This function uses a non-reentrant model
   133 ;;
   134                           
   135                           	psect	text0
   136  000108                     __ptext0:
   137                           	opt stack 0
   138  000108                     _main:
   139                           	opt stack 27
   140                           
   141                           ;main.c: 81: Init();
   142                           
   143                           ;incstack = 0
   144  000108  EC75  F000         	call	_Init	;wreg free
   145  00010C                     l843:
   146                           
   147                           ;main.c: 84: _delay((unsigned long)((100)*(4000000/4000000.0)));
   148  00010C  0E21               	movlw	33
   149  00010E                     u117:
   150  00010E  2EE8               	decfsz	wreg,f,c
   151  000110  D7FE               	goto	u117
   152  000112  F000               	nop	
   153                           
   154                           ;main.c: 85: Transmit('P', 'L');
   155  000114  0E4C               	movlw	76
   156  000116  6E10               	movwf	Transmit@trans_data,c
   157  000118  0E50               	movlw	80
   158  00011A  EC51  F000         	call	_Transmit
   159  00011E  D7F6               	goto	l843
   160  000120                     __end_of_main:
   161                           	opt stack 0
   162                           wreg	equ	0xFE8
   163                           
   164 ;; *************** function _Transmit *****************
   165 ;; Defined at:
   166 ;;		line 3 in file "communication.c"
   167 ;; Parameters:    Size  Location     Type
   168 ;;  slave           1    wreg     unsigned char 
   169 ;;  trans_data      1   15[COMRAM] unsigned char 
   170 ;; Auto vars:     Size  Location     Type
   171 ;;  slave           1   16[COMRAM] unsigned char 
   172 ;; Return value:  Size  Location     Type
   173 ;;		None               void
   174 ;; Registers used:
   175 ;;		wreg
   176 ;; Tracked objects:
   177 ;;		On entry : 0/0
   178 ;;		On exit  : 0/0
   179 ;;		Unchanged: 0/0
   180 ;; Data sizes:     COMRAM   BANK0   BANK1
   181 ;;      Params:         1       0       0
   182 ;;      Locals:         1       0       0
   183 ;;      Temps:          0       0       0
   184 ;;      Totals:         2       0       0
   185 ;;Total ram usage:        2 bytes
   186 ;; Hardware stack levels used:    1
   187 ;; Hardware stack levels required when called:    2
   188 ;; This function calls:
   189 ;;		Nothing
   190 ;; This function is called by:
   191 ;;		_main
   192 ;; This function uses a non-reentrant model
   193 ;;
   194                           
   195                           	psect	text1
   196  0000A2                     __ptext1:
   197                           	opt stack 0
   198  0000A2                     _Transmit:
   199                           	opt stack 28
   200                           
   201                           ;incstack = 0
   202                           ;Transmit@slave stored from wreg
   203  0000A2  6E11               	movwf	Transmit@slave,c
   204                           
   205                           ;communication.c: 4: PORTBbits.RB5 = 1;
   206  0000A4  8A81               	bsf	3969,5,c	;volatile
   207                           
   208                           ;communication.c: 5: RCSTA1bits.CREN = 0;
   209  0000A6  98AB               	bcf	4011,4,c	;volatile
   210                           
   211                           ;communication.c: 6: __nop();
   212  0000A8  F000               	nop	
   213  0000AA                     l127:
   214  0000AA  A89E               	btfss	3998,4,c	;volatile
   215  0000AC  D7FE               	goto	l127
   216                           
   217                           ;communication.c: 9: TXREG1 = slave;
   218  0000AE  C011  FFAD         	movff	Transmit@slave,4013	;volatile
   219  0000B2                     l130:
   220  0000B2  A89E               	btfss	3998,4,c	;volatile
   221  0000B4  D7FE               	goto	l130
   222                           
   223                           ;communication.c: 11: TXREG1 = trans_data;
   224  0000B6  C010  FFAD         	movff	Transmit@trans_data,4013	;volatile
   225  0000BA                     l133:
   226  0000BA  A89E               	btfss	3998,4,c	;volatile
   227  0000BC  D7FE               	goto	l133
   228                           
   229                           ;communication.c: 13: PORTBbits.RB5 = 0;
   230  0000BE  9A81               	bcf	3969,5,c	;volatile
   231                           
   232                           ;communication.c: 14: RCSTA1bits.CREN = 1;
   233  0000C0  88AB               	bsf	4011,4,c	;volatile
   234                           
   235                           ;communication.c: 15: __nop();
   236  0000C2  F000               	nop	
   237  0000C4  0012               	return		;funcret
   238  0000C6                     __end_of_Transmit:
   239                           	opt stack 0
   240                           wreg	equ	0xFE8
   241                           
   242 ;; *************** function _Init *****************
   243 ;; Defined at:
   244 ;;		line 3 in file "init.c"
   245 ;; Parameters:    Size  Location     Type
   246 ;;		None
   247 ;; Auto vars:     Size  Location     Type
   248 ;;		None
   249 ;; Return value:  Size  Location     Type
   250 ;;		None               void
   251 ;; Registers used:
   252 ;;		wreg, status,2, cstack
   253 ;; Tracked objects:
   254 ;;		On entry : 0/0
   255 ;;		On exit  : 0/0
   256 ;;		Unchanged: 0/0
   257 ;; Data sizes:     COMRAM   BANK0   BANK1
   258 ;;      Params:         0       0       0
   259 ;;      Locals:         0       0       0
   260 ;;      Temps:          0       0       0
   261 ;;      Totals:         0       0       0
   262 ;;Total ram usage:        0 bytes
   263 ;; Hardware stack levels used:    1
   264 ;; Hardware stack levels required when called:    3
   265 ;; This function calls:
   266 ;;		_InitAnsel
   267 ;;		_InitInterrupt
   268 ;;		_InitMiscellaneous
   269 ;;		_InitPort
   270 ;;		_InitTimer
   271 ;;		_InitTransmission
   272 ;;		_InitTris
   273 ;; This function is called by:
   274 ;;		_main
   275 ;; This function uses a non-reentrant model
   276 ;;
   277                           
   278                           	psect	text2
   279  0000EA                     __ptext2:
   280                           	opt stack 0
   281  0000EA                     _Init:
   282                           	opt stack 27
   283                           
   284                           ;init.c: 4: InitPort();
   285                           
   286                           ;incstack = 0
   287  0000EA  ECAD  F000         	call	_InitPort	;wreg free
   288                           
   289                           ;init.c: 5: InitTris();
   290  0000EE  ECA4  F000         	call	_InitTris	;wreg free
   291                           
   292                           ;init.c: 6: InitAnsel();
   293  0000F2  EC90  F000         	call	_InitAnsel	;wreg free
   294                           
   295                           ;init.c: 7: InitMiscellaneous();
   296  0000F6  ECC0  F000         	call	_InitMiscellaneous	;wreg free
   297                           
   298                           ;init.c: 8: InitTransmission();
   299  0000FA  EC63  F000         	call	_InitTransmission	;wreg free
   300                           
   301                           ;init.c: 9: InitTimer();
   302  0000FE  ECC3  F000         	call	_InitTimer	;wreg free
   303                           
   304                           ;init.c: 10: InitInterrupt();
   305  000102  ECBC  F000         	call	_InitInterrupt	;wreg free
   306  000106  0012               	return		;funcret
   307  000108                     __end_of_Init:
   308                           	opt stack 0
   309                           wreg	equ	0xFE8
   310                           
   311 ;; *************** function _InitTris *****************
   312 ;; Defined at:
   313 ;;		line 20 in file "init.c"
   314 ;; Parameters:    Size  Location     Type
   315 ;;		None
   316 ;; Auto vars:     Size  Location     Type
   317 ;;		None
   318 ;; Return value:  Size  Location     Type
   319 ;;		None               void
   320 ;; Registers used:
   321 ;;		wreg, status,2
   322 ;; Tracked objects:
   323 ;;		On entry : 0/0
   324 ;;		On exit  : 0/0
   325 ;;		Unchanged: 0/0
   326 ;; Data sizes:     COMRAM   BANK0   BANK1
   327 ;;      Params:         0       0       0
   328 ;;      Locals:         0       0       0
   329 ;;      Temps:          0       0       0
   330 ;;      Totals:         0       0       0
   331 ;;Total ram usage:        0 bytes
   332 ;; Hardware stack levels used:    1
   333 ;; Hardware stack levels required when called:    2
   334 ;; This function calls:
   335 ;;		Nothing
   336 ;; This function is called by:
   337 ;;		_Init
   338 ;; This function uses a non-reentrant model
   339 ;;
   340                           
   341                           	psect	text3
   342  000148                     __ptext3:
   343                           	opt stack 0
   344  000148                     _InitTris:
   345                           	opt stack 27
   346                           
   347                           ;init.c: 21: TRISA = 0b00000000;
   348                           
   349                           ;incstack = 0
   350  000148  0E00               	movlw	0
   351  00014A  6E92               	movwf	3986,c	;volatile
   352                           
   353                           ;init.c: 22: TRISB = 0b00011111;
   354  00014C  0E1F               	movlw	31
   355  00014E  6E93               	movwf	3987,c	;volatile
   356                           
   357                           ;init.c: 23: TRISC = 0b10000010;
   358  000150  0E82               	movlw	130
   359  000152  6E94               	movwf	3988,c	;volatile
   360                           
   361                           ;init.c: 24: TRISE = 0;
   362  000154  0E00               	movlw	0
   363  000156  6E96               	movwf	3990,c	;volatile
   364  000158  0012               	return		;funcret
   365  00015A                     __end_of_InitTris:
   366                           	opt stack 0
   367                           wreg	equ	0xFE8
   368                           
   369 ;; *************** function _InitTransmission *****************
   370 ;; Defined at:
   371 ;;		line 37 in file "init.c"
   372 ;; Parameters:    Size  Location     Type
   373 ;;		None
   374 ;; Auto vars:     Size  Location     Type
   375 ;;		None
   376 ;; Return value:  Size  Location     Type
   377 ;;		None               void
   378 ;; Registers used:
   379 ;;		wreg, status,2
   380 ;; Tracked objects:
   381 ;;		On entry : 0/0
   382 ;;		On exit  : 0/0
   383 ;;		Unchanged: 0/0
   384 ;; Data sizes:     COMRAM   BANK0   BANK1
   385 ;;      Params:         0       0       0
   386 ;;      Locals:         0       0       0
   387 ;;      Temps:          0       0       0
   388 ;;      Totals:         0       0       0
   389 ;;Total ram usage:        0 bytes
   390 ;; Hardware stack levels used:    1
   391 ;; Hardware stack levels required when called:    2
   392 ;; This function calls:
   393 ;;		Nothing
   394 ;; This function is called by:
   395 ;;		_Init
   396 ;; This function uses a non-reentrant model
   397 ;;
   398                           
   399                           	psect	text4
   400  0000C6                     __ptext4:
   401                           	opt stack 0
   402  0000C6                     _InitTransmission:
   403                           	opt stack 27
   404                           
   405                           ;init.c: 39: SSP1STAT = 0b01000000;
   406                           
   407                           ;incstack = 0
   408  0000C6  0E40               	movlw	64
   409  0000C8  6EC7               	movwf	4039,c	;volatile
   410                           
   411                           ;init.c: 40: SSP1CON1 = 0b00100010;
   412  0000CA  0E22               	movlw	34
   413  0000CC  6EC6               	movwf	4038,c	;volatile
   414                           
   415                           ;init.c: 42: TXSTA1bits.SYNC = 0;
   416  0000CE  98AC               	bcf	4012,4,c	;volatile
   417                           
   418                           ;init.c: 43: TXSTA1bits.BRGH = 1;
   419  0000D0  84AC               	bsf	4012,2,c	;volatile
   420                           
   421                           ;init.c: 44: BAUDCON1bits.BRG16 = 0;
   422  0000D2  96B8               	bcf	4024,3,c	;volatile
   423                           
   424                           ;init.c: 45: SPBRG1 = 25;
   425  0000D4  0E19               	movlw	25
   426  0000D6  6EAF               	movwf	4015,c	;volatile
   427                           
   428                           ;init.c: 46: TRISCbits.RC6 = 1;
   429  0000D8  8C94               	bsf	3988,6,c	;volatile
   430                           
   431                           ;init.c: 47: TRISCbits.RC7 = 1;
   432  0000DA  8E94               	bsf	3988,7,c	;volatile
   433                           
   434                           ;init.c: 48: RCSTA1bits.SPEN = 1;
   435  0000DC  8EAB               	bsf	4011,7,c	;volatile
   436                           
   437                           ;init.c: 49: TXSTA1bits.TX9 = 1;
   438  0000DE  8CAC               	bsf	4012,6,c	;volatile
   439                           
   440                           ;init.c: 50: TXSTA1bits.TXEN = 1;
   441  0000E0  8AAC               	bsf	4012,5,c	;volatile
   442                           
   443                           ;init.c: 51: RCSTA1bits.RC9 = 1;
   444  0000E2  8CAB               	bsf	4011,6,c	;volatile
   445                           
   446                           ;init.c: 52: RCSTA1bits.CREN = 1;
   447  0000E4  88AB               	bsf	4011,4,c	;volatile
   448                           
   449                           ;init.c: 53: TRISCbits.RC6 = 0;
   450  0000E6  9C94               	bcf	3988,6,c	;volatile
   451  0000E8  0012               	return		;funcret
   452  0000EA                     __end_of_InitTransmission:
   453                           	opt stack 0
   454                           wreg	equ	0xFE8
   455                           
   456 ;; *************** function _InitTimer *****************
   457 ;; Defined at:
   458 ;;		line 56 in file "init.c"
   459 ;; Parameters:    Size  Location     Type
   460 ;;		None
   461 ;; Auto vars:     Size  Location     Type
   462 ;;		None
   463 ;; Return value:  Size  Location     Type
   464 ;;		None               void
   465 ;; Registers used:
   466 ;;		None
   467 ;; Tracked objects:
   468 ;;		On entry : 0/0
   469 ;;		On exit  : 0/0
   470 ;;		Unchanged: 0/0
   471 ;; Data sizes:     COMRAM   BANK0   BANK1
   472 ;;      Params:         0       0       0
   473 ;;      Locals:         0       0       0
   474 ;;      Temps:          0       0       0
   475 ;;      Totals:         0       0       0
   476 ;;Total ram usage:        0 bytes
   477 ;; Hardware stack levels used:    1
   478 ;; Hardware stack levels required when called:    2
   479 ;; This function calls:
   480 ;;		Nothing
   481 ;; This function is called by:
   482 ;;		_Init
   483 ;; This function uses a non-reentrant model
   484 ;;
   485                           
   486                           	psect	text5
   487  000186                     __ptext5:
   488                           	opt stack 0
   489  000186                     _InitTimer:
   490                           	opt stack 27
   491                           
   492                           ;incstack = 0
   493  000186  0012               	return		;funcret
   494  000188                     __end_of_InitTimer:
   495                           	opt stack 0
   496                           wreg	equ	0xFE8
   497                           
   498 ;; *************** function _InitPort *****************
   499 ;; Defined at:
   500 ;;		line 13 in file "init.c"
   501 ;; Parameters:    Size  Location     Type
   502 ;;		None
   503 ;; Auto vars:     Size  Location     Type
   504 ;;		None
   505 ;; Return value:  Size  Location     Type
   506 ;;		None               void
   507 ;; Registers used:
   508 ;;		wreg, status,2
   509 ;; Tracked objects:
   510 ;;		On entry : 0/0
   511 ;;		On exit  : 0/0
   512 ;;		Unchanged: 0/0
   513 ;; Data sizes:     COMRAM   BANK0   BANK1
   514 ;;      Params:         0       0       0
   515 ;;      Locals:         0       0       0
   516 ;;      Temps:          0       0       0
   517 ;;      Totals:         0       0       0
   518 ;;Total ram usage:        0 bytes
   519 ;; Hardware stack levels used:    1
   520 ;; Hardware stack levels required when called:    2
   521 ;; This function calls:
   522 ;;		Nothing
   523 ;; This function is called by:
   524 ;;		_Init
   525 ;; This function uses a non-reentrant model
   526 ;;
   527                           
   528                           	psect	text6
   529  00015A                     __ptext6:
   530                           	opt stack 0
   531  00015A                     _InitPort:
   532                           	opt stack 27
   533                           
   534                           ;init.c: 14: PORTA = 0b00000000;
   535                           
   536                           ;incstack = 0
   537  00015A  0E00               	movlw	0
   538  00015C  6E80               	movwf	3968,c	;volatile
   539                           
   540                           ;init.c: 15: PORTB = 0b00000000;
   541  00015E  0E00               	movlw	0
   542  000160  6E81               	movwf	3969,c	;volatile
   543                           
   544                           ;init.c: 16: PORTC = 0b00000001;
   545  000162  0E01               	movlw	1
   546  000164  6E82               	movwf	3970,c	;volatile
   547                           
   548                           ;init.c: 17: PORTE = 0;
   549  000166  0E00               	movlw	0
   550  000168  6E84               	movwf	3972,c	;volatile
   551  00016A  0012               	return		;funcret
   552  00016C                     __end_of_InitPort:
   553                           	opt stack 0
   554                           wreg	equ	0xFE8
   555                           
   556 ;; *************** function _InitMiscellaneous *****************
   557 ;; Defined at:
   558 ;;		line 33 in file "init.c"
   559 ;; Parameters:    Size  Location     Type
   560 ;;		None
   561 ;; Auto vars:     Size  Location     Type
   562 ;;		None
   563 ;; Return value:  Size  Location     Type
   564 ;;		None               void
   565 ;; Registers used:
   566 ;;		wreg, status,2
   567 ;; Tracked objects:
   568 ;;		On entry : 0/0
   569 ;;		On exit  : 0/0
   570 ;;		Unchanged: 0/0
   571 ;; Data sizes:     COMRAM   BANK0   BANK1
   572 ;;      Params:         0       0       0
   573 ;;      Locals:         0       0       0
   574 ;;      Temps:          0       0       0
   575 ;;      Totals:         0       0       0
   576 ;;Total ram usage:        0 bytes
   577 ;; Hardware stack levels used:    1
   578 ;; Hardware stack levels required when called:    2
   579 ;; This function calls:
   580 ;;		Nothing
   581 ;; This function is called by:
   582 ;;		_Init
   583 ;; This function uses a non-reentrant model
   584 ;;
   585                           
   586                           	psect	text7
   587  000180                     __ptext7:
   588                           	opt stack 0
   589  000180                     _InitMiscellaneous:
   590                           	opt stack 27
   591                           
   592                           ;init.c: 34: OSCCON = 0b01010011;
   593                           
   594                           ;incstack = 0
   595  000180  0E53               	movlw	83
   596  000182  6ED3               	movwf	4051,c	;volatile
   597  000184  0012               	return		;funcret
   598  000186                     __end_of_InitMiscellaneous:
   599                           	opt stack 0
   600                           wreg	equ	0xFE8
   601                           
   602 ;; *************** function _InitInterrupt *****************
   603 ;; Defined at:
   604 ;;		line 60 in file "init.c"
   605 ;; Parameters:    Size  Location     Type
   606 ;;		None
   607 ;; Auto vars:     Size  Location     Type
   608 ;;		None
   609 ;; Return value:  Size  Location     Type
   610 ;;		None               void
   611 ;; Registers used:
   612 ;;		None
   613 ;; Tracked objects:
   614 ;;		On entry : 0/0
   615 ;;		On exit  : 0/0
   616 ;;		Unchanged: 0/0
   617 ;; Data sizes:     COMRAM   BANK0   BANK1
   618 ;;      Params:         0       0       0
   619 ;;      Locals:         0       0       0
   620 ;;      Temps:          0       0       0
   621 ;;      Totals:         0       0       0
   622 ;;Total ram usage:        0 bytes
   623 ;; Hardware stack levels used:    1
   624 ;; Hardware stack levels required when called:    2
   625 ;; This function calls:
   626 ;;		Nothing
   627 ;; This function is called by:
   628 ;;		_Init
   629 ;; This function uses a non-reentrant model
   630 ;;
   631                           
   632                           	psect	text8
   633  000178                     __ptext8:
   634                           	opt stack 0
   635  000178                     _InitInterrupt:
   636                           	opt stack 27
   637                           
   638                           ;init.c: 61: INTCONbits.GIE = 1;
   639                           
   640                           ;incstack = 0
   641  000178  8EF2               	bsf	intcon,7,c	;volatile
   642                           
   643                           ;init.c: 62: INTCONbits.PEIE = 1;
   644  00017A  8CF2               	bsf	intcon,6,c	;volatile
   645                           
   646                           ;init.c: 63: PIE1bits.RCIE = 1;
   647  00017C  8A9D               	bsf	3997,5,c	;volatile
   648  00017E  0012               	return		;funcret
   649  000180                     __end_of_InitInterrupt:
   650                           	opt stack 0
   651                           intcon	equ	0xFF2
   652                           wreg	equ	0xFE8
   653                           
   654 ;; *************** function _InitAnsel *****************
   655 ;; Defined at:
   656 ;;		line 27 in file "init.c"
   657 ;; Parameters:    Size  Location     Type
   658 ;;		None
   659 ;; Auto vars:     Size  Location     Type
   660 ;;		None
   661 ;; Return value:  Size  Location     Type
   662 ;;		None               void
   663 ;; Registers used:
   664 ;;		wreg, status,2
   665 ;; Tracked objects:
   666 ;;		On entry : 0/0
   667 ;;		On exit  : 0/0
   668 ;;		Unchanged: 0/0
   669 ;; Data sizes:     COMRAM   BANK0   BANK1
   670 ;;      Params:         0       0       0
   671 ;;      Locals:         0       0       0
   672 ;;      Temps:          0       0       0
   673 ;;      Totals:         0       0       0
   674 ;;Total ram usage:        0 bytes
   675 ;; Hardware stack levels used:    1
   676 ;; Hardware stack levels required when called:    2
   677 ;; This function calls:
   678 ;;		Nothing
   679 ;; This function is called by:
   680 ;;		_Init
   681 ;; This function uses a non-reentrant model
   682 ;;
   683                           
   684                           	psect	text9
   685  000120                     __ptext9:
   686                           	opt stack 0
   687  000120                     _InitAnsel:
   688                           	opt stack 27
   689                           
   690                           ;init.c: 28: ANSELA = 0;
   691                           
   692                           ;incstack = 0
   693  000120  0E00               	movlw	0
   694  000122  010F               	movlb	15	; () banked
   695  000124  6F38               	movwf	56,b	;volatile
   696                           
   697                           ;init.c: 29: ANSELB = 0;
   698  000126  0E00               	movlw	0
   699  000128  010F               	movlb	15	; () banked
   700  00012A  6F39               	movwf	57,b	;volatile
   701                           
   702                           ;init.c: 30: ANSELC = 0;
   703  00012C  0E00               	movlw	0
   704  00012E  010F               	movlb	15	; () banked
   705  000130  6F3A               	movwf	58,b	;volatile
   706                           
   707                           ; BSR set to: 15
   708  000132  0012               	return		;funcret
   709  000134                     __end_of_InitAnsel:
   710                           	opt stack 0
   711                           intcon	equ	0xFF2
   712                           wreg	equ	0xFE8
   713                           
   714 ;; *************** function _Isr *****************
   715 ;; Defined at:
   716 ;;		line 3 in file "interrupt.c"
   717 ;; Parameters:    Size  Location     Type
   718 ;;		None
   719 ;; Auto vars:     Size  Location     Type
   720 ;;  received        1   14[COMRAM] unsigned char 
   721 ;; Return value:  Size  Location     Type
   722 ;;		None               void
   723 ;; Registers used:
   724 ;;		wreg, status,2, status,0, cstack
   725 ;; Tracked objects:
   726 ;;		On entry : 0/0
   727 ;;		On exit  : 0/0
   728 ;;		Unchanged: 0/0
   729 ;; Data sizes:     COMRAM   BANK0   BANK1
   730 ;;      Params:         0       0       0
   731 ;;      Locals:         1       0       0
   732 ;;      Temps:         14       0       0
   733 ;;      Totals:        15       0       0
   734 ;;Total ram usage:       15 bytes
   735 ;; Hardware stack levels used:    1
   736 ;; Hardware stack levels required when called:    1
   737 ;; This function calls:
   738 ;;		_Receive
   739 ;; This function is called by:
   740 ;;		Interrupt level 2
   741 ;; This function uses a non-reentrant model
   742 ;;
   743                           
   744                           	psect	intcode
   745  000008                     __pintcode:
   746                           	opt stack 0
   747  000008                     _Isr:
   748                           	opt stack 27
   749                           
   750                           ; BSR set to: 15
   751                           ;incstack = 0
   752  000008  8213               	bsf	btemp,1,c	;set compiler interrupt flag (level 2)
   753  00000A  CFFA F001          	movff	pclath,??_Isr
   754  00000E  CFFB F002          	movff	pclatu,??_Isr+1
   755  000012  CFE9 F003          	movff	fsr0l,??_Isr+2
   756  000016  CFEA F004          	movff	fsr0h,??_Isr+3
   757  00001A  CFE1 F005          	movff	fsr1l,??_Isr+4
   758  00001E  CFE2 F006          	movff	fsr1h,??_Isr+5
   759  000022  CFD9 F007          	movff	fsr2l,??_Isr+6
   760  000026  CFDA F008          	movff	fsr2h,??_Isr+7
   761  00002A  CFF3 F009          	movff	prodl,??_Isr+8
   762  00002E  CFF4 F00A          	movff	prodh,??_Isr+9
   763  000032  CFF6 F00B          	movff	tblptrl,??_Isr+10
   764  000036  CFF7 F00C          	movff	tblptrh,??_Isr+11
   765  00003A  CFF8 F00D          	movff	tblptru,??_Isr+12
   766  00003E  CFF5 F00E          	movff	tablat,??_Isr+13
   767                           
   768                           ;interrupt.c: 4: if(PIR1bits.RCIF == 1) {
   769  000042  AA9E               	btfss	3998,5,c	;volatile
   770  000044  D00E               	goto	i2l157
   771                           
   772                           ;interrupt.c: 5: PIR1bits.RCIF = 0;
   773  000046  9A9E               	bcf	3998,5,c	;volatile
   774                           
   775                           ;interrupt.c: 6: unsigned char received = 0;
   776  000048  0E00               	movlw	0
   777  00004A  6E0F               	movwf	Isr@received,c
   778                           
   779                           ;interrupt.c: 7: received = Receive();
   780  00004C  EC9A  F000         	call	_Receive	;wreg free
   781  000050  6E0F               	movwf	Isr@received,c
   782                           
   783                           ;interrupt.c: 8: __nop();
   784  000052  F000               	nop	
   785                           
   786                           ;interrupt.c: 9: if(received == 'L' ) {
   787  000054  0E4C               	movlw	76
   788  000056  180F               	xorwf	Isr@received,w,c
   789  000058  A4D8               	btfss	status,2,c
   790  00005A  D002               	goto	i2l155
   791                           
   792                           ;interrupt.c: 10: PORTAbits.RA0 = 1;
   793  00005C  8080               	bsf	3968,0,c	;volatile
   794                           
   795                           ;interrupt.c: 11: }else {
   796  00005E  D001               	goto	i2l157
   797  000060                     i2l155:
   798                           
   799                           ;interrupt.c: 12: PORTAbits.RA0 = 0;
   800  000060  9080               	bcf	3968,0,c	;volatile
   801  000062                     i2l157:
   802  000062  C00E  FFF5         	movff	??_Isr+13,tablat
   803  000066  C00D  FFF8         	movff	??_Isr+12,tblptru
   804  00006A  C00C  FFF7         	movff	??_Isr+11,tblptrh
   805  00006E  C00B  FFF6         	movff	??_Isr+10,tblptrl
   806  000072  C00A  FFF4         	movff	??_Isr+9,prodh
   807  000076  C009  FFF3         	movff	??_Isr+8,prodl
   808  00007A  C008  FFDA         	movff	??_Isr+7,fsr2h
   809  00007E  C007  FFD9         	movff	??_Isr+6,fsr2l
   810  000082  C006  FFE2         	movff	??_Isr+5,fsr1h
   811  000086  C005  FFE1         	movff	??_Isr+4,fsr1l
   812  00008A  C004  FFEA         	movff	??_Isr+3,fsr0h
   813  00008E  C003  FFE9         	movff	??_Isr+2,fsr0l
   814  000092  C002  FFFB         	movff	??_Isr+1,pclatu
   815  000096  C001  FFFA         	movff	??_Isr,pclath
   816  00009A  9213               	bcf	btemp,1,c	;clear compiler interrupt flag (level 2)
   817  00009C  0011               	retfie		f
   818  00009E                     __end_of_Isr:
   819                           	opt stack 0
   820                           pclatu	equ	0xFFB
   821                           pclath	equ	0xFFA
   822                           tblptru	equ	0xFF8
   823                           tblptrh	equ	0xFF7
   824                           tblptrl	equ	0xFF6
   825                           tablat	equ	0xFF5
   826                           prodh	equ	0xFF4
   827                           prodl	equ	0xFF3
   828                           intcon	equ	0xFF2
   829                           fsr0h	equ	0xFEA
   830                           fsr0l	equ	0xFE9
   831                           wreg	equ	0xFE8
   832                           fsr1h	equ	0xFE2
   833                           fsr1l	equ	0xFE1
   834                           fsr2h	equ	0xFDA
   835                           fsr2l	equ	0xFD9
   836                           status	equ	0xFD8
   837                           
   838 ;; *************** function _Receive *****************
   839 ;; Defined at:
   840 ;;		line 19 in file "communication.c"
   841 ;; Parameters:    Size  Location     Type
   842 ;;		None
   843 ;; Auto vars:     Size  Location     Type
   844 ;;		None
   845 ;; Return value:  Size  Location     Type
   846 ;;                  1    wreg      unsigned char 
   847 ;; Registers used:
   848 ;;		wreg, status,2
   849 ;; Tracked objects:
   850 ;;		On entry : 0/0
   851 ;;		On exit  : 0/0
   852 ;;		Unchanged: 0/0
   853 ;; Data sizes:     COMRAM   BANK0   BANK1
   854 ;;      Params:         0       0       0
   855 ;;      Locals:         0       0       0
   856 ;;      Temps:          0       0       0
   857 ;;      Totals:         0       0       0
   858 ;;Total ram usage:        0 bytes
   859 ;; Hardware stack levels used:    1
   860 ;; This function calls:
   861 ;;		Nothing
   862 ;; This function is called by:
   863 ;;		_Isr
   864 ;; This function uses a non-reentrant model
   865 ;;
   866                           
   867                           	psect	text11
   868  000134                     __ptext11:
   869                           	opt stack 0
   870  000134                     _Receive:
   871                           	opt stack 27
   872                           
   873                           ;communication.c: 20: if(RCSTA1bits.OERR == 1) {
   874                           
   875                           ;incstack = 0
   876  000134  A2AB               	btfss	4011,1,c	;volatile
   877  000136  D004               	goto	i2l805
   878                           
   879                           ;communication.c: 21: RCSTA1bits.CREN = 0;
   880  000138  98AB               	bcf	4011,4,c	;volatile
   881                           
   882                           ;communication.c: 22: RCSTA1bits.CREN = 1;
   883  00013A  88AB               	bsf	4011,4,c	;volatile
   884                           
   885                           ;communication.c: 23: overrun = 1;
   886  00013C  0E01               	movlw	1
   887  00013E  D001               	goto	L1
   888  000140                     i2l805:
   889                           
   890                           ;communication.c: 26: else {
   891                           ;communication.c: 27: overrun = 0;
   892  000140  0E00               	movlw	0
   893  000142                     L1:
   894  000142  6E12               	movwf	_overrun,c
   895                           
   896                           ;communication.c: 28: }
   897                           ;communication.c: 30: return (RCREG1);
   898  000144  50AE               	movf	4014,w,c	;volatile
   899  000146  0012               	return	
   900  000148                     __end_of_Receive:
   901                           	opt stack 0
   902  0000                     pclatu	equ	0xFFB
   903                           pclath	equ	0xFFA
   904                           tblptru	equ	0xFF8
   905                           tblptrh	equ	0xFF7
   906                           tblptrl	equ	0xFF6
   907                           tablat	equ	0xFF5
   908                           prodh	equ	0xFF4
   909                           prodl	equ	0xFF3
   910                           intcon	equ	0xFF2
   911                           fsr0h	equ	0xFEA
   912                           fsr0l	equ	0xFE9
   913                           wreg	equ	0xFE8
   914                           fsr1h	equ	0xFE2
   915                           fsr1l	equ	0xFE1
   916                           fsr2h	equ	0xFDA
   917                           fsr2l	equ	0xFD9
   918                           status	equ	0xFD8
   919                           pclatu	equ	0xFFB
   920                           pclath	equ	0xFFA
   921                           tblptru	equ	0xFF8
   922                           tblptrh	equ	0xFF7
   923                           tblptrl	equ	0xFF6
   924                           tablat	equ	0xFF5
   925                           prodh	equ	0xFF4
   926                           prodl	equ	0xFF3
   927                           intcon	equ	0xFF2
   928                           fsr0h	equ	0xFEA
   929                           fsr0l	equ	0xFE9
   930                           wreg	equ	0xFE8
   931                           fsr1h	equ	0xFE2
   932                           fsr1l	equ	0xFE1
   933                           fsr2h	equ	0xFDA
   934                           fsr2l	equ	0xFD9
   935                           status	equ	0xFD8
   936                           
   937                           	psect	rparam
   938  0000                     pclatu	equ	0xFFB
   939                           pclath	equ	0xFFA
   940                           tblptru	equ	0xFF8
   941                           tblptrh	equ	0xFF7
   942                           tblptrl	equ	0xFF6
   943                           tablat	equ	0xFF5
   944                           prodh	equ	0xFF4
   945                           prodl	equ	0xFF3
   946                           intcon	equ	0xFF2
   947                           fsr0h	equ	0xFEA
   948                           fsr0l	equ	0xFE9
   949                           wreg	equ	0xFE8
   950                           fsr1h	equ	0xFE2
   951                           fsr1l	equ	0xFE1
   952                           fsr2h	equ	0xFDA
   953                           fsr2l	equ	0xFD9
   954                           status	equ	0xFD8
   955                           
   956                           	psect	temp
   957  000013                     btemp:
   958                           	opt stack 0
   959  000013                     	ds	1
   960  0000                     int$flags	set	btemp
   961                           pclatu	equ	0xFFB
   962                           pclath	equ	0xFFA
   963                           tblptru	equ	0xFF8
   964                           tblptrh	equ	0xFF7
   965                           tblptrl	equ	0xFF6
   966                           tablat	equ	0xFF5
   967                           prodh	equ	0xFF4
   968                           prodl	equ	0xFF3
   969                           intcon	equ	0xFF2
   970                           fsr0h	equ	0xFEA
   971                           fsr0l	equ	0xFE9
   972                           wreg	equ	0xFE8
   973                           fsr1h	equ	0xFE2
   974                           fsr1l	equ	0xFE1
   975                           fsr2h	equ	0xFDA
   976                           fsr2l	equ	0xFD9
   977                           status	equ	0xFD8


Data Sizes:
    Strings     0
    Constant    0
    Data        0
    BSS         1
    Persistent  0
    Stack       0

Auto Spaces:
    Space          Size  Autos    Used
    COMRAM           94     17      18
    BANK0           160      0       0
    BANK1           256      0       0

Pointer List with Targets:

    None.

Critical Paths under _main in COMRAM

    _main->_Transmit

Critical Paths under _Isr in COMRAM

    None.

Critical Paths under _main in BANK0

    None.

Critical Paths under _Isr in BANK0

    None.

Critical Paths under _main in BANK1

    None.

Critical Paths under _Isr in BANK1

    None.

Call Graph Tables:

 ---------------------------------------------------------------------------------
 (Depth) Function   	        Calls       Base Space   Used Autos Params    Refs
 ---------------------------------------------------------------------------------
 (0) _main                                                 0     0      0      87
                               _Init
                           _Transmit
 ---------------------------------------------------------------------------------
 (1) _Transmit                                             2     1      1      87
                                             15 COMRAM     2     1      1
 ---------------------------------------------------------------------------------
 (1) _Init                                                 0     0      0       0
                          _InitAnsel
                      _InitInterrupt
                  _InitMiscellaneous
                           _InitPort
                          _InitTimer
                   _InitTransmission
                           _InitTris
 ---------------------------------------------------------------------------------
 (2) _InitTris                                             0     0      0       0
 ---------------------------------------------------------------------------------
 (2) _InitTransmission                                     0     0      0       0
 ---------------------------------------------------------------------------------
 (2) _InitTimer                                            0     0      0       0
 ---------------------------------------------------------------------------------
 (2) _InitPort                                             0     0      0       0
 ---------------------------------------------------------------------------------
 (2) _InitMiscellaneous                                    0     0      0       0
 ---------------------------------------------------------------------------------
 (2) _InitInterrupt                                        0     0      0       0
 ---------------------------------------------------------------------------------
 (2) _InitAnsel                                            0     0      0       0
 ---------------------------------------------------------------------------------
 Estimated maximum stack depth 2
 ---------------------------------------------------------------------------------
 (Depth) Function   	        Calls       Base Space   Used Autos Params    Refs
 ---------------------------------------------------------------------------------
 (3) _Isr                                                 15    15      0      15
                                              0 COMRAM    15    15      0
                            _Receive
 ---------------------------------------------------------------------------------
 (4) _Receive                                              0     0      0       0
 ---------------------------------------------------------------------------------
 Estimated maximum stack depth 4
 ---------------------------------------------------------------------------------

 Call Graph Graphs:

 _main (ROOT)
   _Init
     _InitAnsel
     _InitInterrupt
     _InitMiscellaneous
     _InitPort
     _InitTimer
     _InitTransmission
     _InitTris
   _Transmit

 _Isr (ROOT)
   _Receive

 Address spaces:
Name               Size   Autos  Total    Cost      Usage
BIGRAM             1FF      0       0       8        0.0%
EEDATA             100      0       0       0        0.0%
BITBANK1           100      0       0       7        0.0%
BANK1              100      0       0       5        0.0%
BITBANK0            A0      0       0       3        0.0%
BANK0               A0      0       0       4        0.0%
BITCOMRAM           5E      0       0       0        0.0%
COMRAM              5E     11      12       1       19.1%
BITSFR_1             0      0       0      40        0.0%
SFR_1                0      0       0      40        0.0%
BITSFR               0      0       0      40        0.0%
SFR                  0      0       0      40        0.0%
STACK                0      0       0       2        0.0%
NULL                 0      0       0       0        0.0%
ABS                  0      0      12       6        0.0%
DATA                 0      0      12       9        0.0%
CODE                 0      0       0       0        0.0%


Microchip Technology PIC18 Macro Assembler V1.35 build -356382666 
Symbol Table                                                                                   Sun Jul 17 23:00:24 2016

              __CFG_CP0$OFF 000000                __CFG_CP1$OFF 000000                         l130 00B2  
                       l133 00BA                         l127 00AA                         l843 010C  
              __CFG_CPB$OFF 000000                         u117 010E                __CFG_CPD$OFF 000000  
                       _Isr 0008                         wreg 000FE8                  _TXSTA1bits 000FAC  
              __CFG_LVP$OFF 000000                        ?_Isr 0001                        _Init 00EA  
                      _main 0108                        fsr0h 000FEA                        fsr1h 000FE2  
                      fsr0l 000FE9                        fsr2h 000FDA                        fsr1l 000FE1  
                      fsr2l 000FD9                        btemp 0013               __CFG_BORV$190 000000  
                      pclat 000FFA                        prodh 000FF4                        prodl 000FF3  
                      start 009E               __CFG_IESO$OFF 000000                ___param_bank 000010  
             _InitInterrupt 0178                       ??_Isr 0001             __end_of_Receive 0148  
              _BAUDCON1bits 000FB8                       ?_Init 0001                       ?_main 0001  
         _InitMiscellaneous 0180                       i2l155 0060                       i2l157 0062  
                     i2l805 0140                       _PORTA 000F80                       _PORTB 000F81  
                     _PORTC 000F82                       _PORTE 000F84                       _TRISA 000F92  
                     _TRISB 000F93                       _TRISC 000F94                       _TRISE 000F96  
             __CFG_WRT0$OFF 000000    __end_of_InitTransmission 00EA               __CFG_WRT1$OFF 000000  
        ?_InitMiscellaneous 0001              __CFG_EBTR0$OFF 000000              __CFG_FCMEN$OFF 000000  
            __CFG_EBTR1$OFF 000000               __CFG_WRTB$OFF 000000               __CFG_WRTC$OFF 000000  
             __CFG_WRTD$OFF 000000              __CFG_EBTRB$OFF 000000          __CFG_MCLRE$EXTMCLR 000000  
               Isr@received 000F               Transmit@slave 0011              __CFG_BOREN$OFF 000000  
       ??_InitMiscellaneous 0010                       tablat 000FF5                       status 000FD8  
            ?_InitInterrupt 0001             __initialization 016C                __end_of_Init 0108  
              __end_of_main 0120            __end_of_InitPort 016C            __end_of_InitTris 015A  
 __end_of_InitMiscellaneous 0186                      ??_Init 0010                      ??_main 0012  
             __activetblptr 000000            __end_of_Transmit 00C6                      _ANSELA 000F38  
                    _ANSELB 000F39                      _ANSELC 000F3A              __CFG_WDTEN$OFF 000000  
                    _RCREG1 000FAE                      _OSCCON 000FD3          __size_of_InitAnsel 0014  
                    _SPBRG1 000FAF          __size_of_InitTimer 0002                      _TXREG1 000FAD  
                 ??_Receive 0001              __CFG_XINST$OFF 000000                      tblptrh 000FF7  
                    tblptrl 000FF6                      tblptru 000FF8             __CFG_HFOFST$OFF 000000  
                __accesstop 0060     __end_of__initialization 016E             __CFG_PBADEN$OFF 000000  
           ??_InitInterrupt 0010               ___rparam_used 000001              __pcstackCOMRAM 0001  
__size_of_InitMiscellaneous 0006           __end_of_InitAnsel 0134           __end_of_InitTimer 0188  
           __CFG_PLLCFG$OFF 000000                   ?_InitPort 0001                   ?_InitTris 0001  
        __CFG_CCP2MX$PORTC1 000000          __CFG_CCP3MX$PORTB5 000000                   ?_Transmit 0010  
         ?_InitTransmission 0001           __CFG_PRICLKEN$OFF 000000          ??_InitTransmission 0010  
                ??_InitPort 0010                  ??_InitTris 0010             __CFG_PWRTEN$OFF 000000  
                   _Receive 0134                     __Hparam 0000                     __Lparam 0000  
                ??_Transmit 0011             __CFG_STVREN$OFF 000000                     __pcinit 016C  
                   __ramtop 0200                     __ptext0 0108                     __ptext1 00A2  
                   __ptext2 00EA                     __ptext3 0148                     __ptext4 00C6  
                   __ptext5 0186                     __ptext6 015A                     __ptext7 0180  
                   __ptext8 0178                     __ptext9 0120                __size_of_Isr 0096  
                   _overrun 0012        end_of_initialization 016E                   _PORTAbits 000F80  
                 _PORTBbits 000F81                   _TRISCbits 000F94         start_initialization 016C  
                 _InitAnsel 0120                 __end_of_Isr 009E                   _InitTimer 0186  
         __size_of_InitPort 0012           __size_of_InitTris 0012       __end_of_InitInterrupt 0180  
        Transmit@trans_data 0010           __size_of_Transmit 0024                 __pbssCOMRAM 0012  
                ?_InitAnsel 0001                  ?_InitTimer 0001                    ?_Receive 0001  
 __size_of_InitTransmission 0024                   __pintcode 0008                    _PIE1bits 000F9D  
                  _PIR1bits 000F9E            __CFG_WDTPS$32768 000000                    _SSP1CON1 000FC6  
                  _SSP1STAT 000FC7                 ??_InitAnsel 0010                 ??_InitTimer 0010  
                  _InitPort 015A                    _InitTris 0148                    __Hrparam 0000  
          __size_of_Receive 0014                    __Lrparam 0000           __CFG_P2BMX$PORTB5 000000  
                  _Transmit 00A2                    __ptext11 0134               __size_of_Init 001E  
             __size_of_main 0018            _InitTransmission 00C6                    int$flags 0013  
                _INTCONbits 000FF2                    intlevel2 0000                  _RCSTA1bits 000FAB  
         __CFG_T3CMX$PORTC0 000000      __size_of_InitInterrupt 0008           __CFG_FOSC$INTIO67 000000  
