

Microchip Technology PIC18 LITE Macro Assembler V1.35 build -356382666 
                                                                                               Sun Jul 17 22:09:15 2016

Microchip Technology Omniscient Code Generator v1.35 (Free mode) build 201507080246
     1                           	processor	18F23K22
     2                           	fnconf	rparam,??,?,0
     3                           	opt	pw 120
     4                           	opt	lm
     5                           	psect	cinit,global,reloc=2,class=CODE,delta=1
     6                           	psect	cstackCOMRAM,global,class=COMRAM,space=1,delta=1
     7                           	psect	text0,global,reloc=2,class=CODE,delta=1
     8                           	psect	text1,global,reloc=2,class=CODE,delta=1
     9                           	psect	text2,global,reloc=2,class=CODE,delta=1
    10                           	psect	text3,global,reloc=2,class=CODE,delta=1
    11                           	psect	text4,global,reloc=2,class=CODE,delta=1
    12                           	psect	text5,global,reloc=2,class=CODE,delta=1
    13                           	psect	text6,global,reloc=2,class=CODE,delta=1
    14                           	psect	text7,global,reloc=2,class=CODE,delta=1
    15                           	psect	text8,global,reloc=2,class=CODE,delta=1
    16                           	psect	text9,global,reloc=2,class=CODE,delta=1
    17                           	psect	intcode,global,reloc=2,class=CODE,delta=1
    18                           	psect	text11,global,reloc=2,class=CODE,delta=1
    19                           	psect	intsave_regs,global,class=BIGRAM,space=1,delta=1
    20                           	psect	rparam,global,class=COMRAM,space=1,delta=1
    21                           	psect	temp,global,ovrld,common,class=COMRAM,space=1,delta=1
    22  0000                     _ANSELA	set	3896
    23  0000                     _ANSELB	set	3897
    24  0000                     _ANSELC	set	3898
    25  0000                     _BAUDCON1bits	set	4024
    26  0000                     _INTCONbits	set	4082
    27  0000                     _OSCCON	set	4051
    28  0000                     _PIE1bits	set	3997
    29  0000                     _PIR1bits	set	3998
    30  0000                     _PORTA	set	3968
    31  0000                     _PORTAbits	set	3968
    32  0000                     _PORTB	set	3969
    33  0000                     _PORTBbits	set	3969
    34  0000                     _PORTC	set	3970
    35  0000                     _PORTE	set	3972
    36  0000                     _RCSTA1bits	set	4011
    37  0000                     _SPBRG1	set	4015
    38  0000                     _SSP1CON1	set	4038
    39  0000                     _SSP1STAT	set	4039
    40  0000                     _TRISA	set	3986
    41  0000                     _TRISB	set	3987
    42  0000                     _TRISC	set	3988
    43  0000                     _TRISCbits	set	3988
    44  0000                     _TRISE	set	3990
    45  0000                     _TXREG1	set	4013
    46  0000                     _TXSTA1bits	set	4012
    47                           
    48                           ; #config settings
    49  0000                     
    50                           	psect	cinit
    51  000150                     __pcinit:
    52                           	opt stack 0
    53  000150                     start_initialization:
    54                           	opt stack 0
    55  000150                     __initialization:
    56                           	opt stack 0
    57  000150                     end_of_initialization:
    58                           	opt stack 0
    59  000150                     __end_of__initialization:
    60                           	opt stack 0
    61  000150  9013               	bcf	int$flags,0,c	;clear compiler interrupt flag (level 1)
    62  000152  9213               	bcf	int$flags,1,c	;clear compiler interrupt flag (level 2)
    63  000154  0100               	movlb	0
    64  000156  EF80  F000         	goto	_main	;jump to C main() function
    65                           
    66                           	psect	cstackCOMRAM
    67  000001                     __pcstackCOMRAM:
    68                           	opt stack 0
    69  000001                     Receive@received:
    70                           	opt stack 0
    71                           
    72                           ; 1 bytes @ 0x0
    73  000001                     	ds	1
    74  000002                     ??_Isr:
    75                           
    76                           ; 0 bytes @ 0x1
    77  000002                     	ds	14
    78  000010                     Isr@received:
    79                           	opt stack 0
    80                           
    81                           ; 1 bytes @ 0xF
    82  000010                     	ds	1
    83  000011                     Transmit@trans_data:
    84                           	opt stack 0
    85                           
    86                           ; 1 bytes @ 0x10
    87  000011                     	ds	1
    88  000012                     Transmit@slave:
    89                           	opt stack 0
    90                           
    91                           ; 1 bytes @ 0x11
    92  000012                     	ds	1
    93  000013                     
    94                           ; 0 bytes @ 0x12
    95 ;;
    96 ;;Main: autosize = 0, tempsize = 0, incstack = 0, save=0
    97 ;;
    98 ;; *************** function _main *****************
    99 ;; Defined at:
   100 ;;		line 80 in file "main.c"
   101 ;; Parameters:    Size  Location     Type
   102 ;;		None
   103 ;; Auto vars:     Size  Location     Type
   104 ;;		None
   105 ;; Return value:  Size  Location     Type
   106 ;;		None               void
   107 ;; Registers used:
   108 ;;		wreg, status,2, cstack
   109 ;; Tracked objects:
   110 ;;		On entry : 0/0
   111 ;;		On exit  : 0/0
   112 ;;		Unchanged: 0/0
   113 ;; Data sizes:     COMRAM   BANK0   BANK1
   114 ;;      Params:         0       0       0
   115 ;;      Locals:         0       0       0
   116 ;;      Temps:          0       0       0
   117 ;;      Totals:         0       0       0
   118 ;;Total ram usage:        0 bytes
   119 ;; Hardware stack levels required when called:    4
   120 ;; This function calls:
   121 ;;		_Init
   122 ;;		_Transmit
   123 ;; This function is called by:
   124 ;;		Startup code after reset
   125 ;; This function uses a non-reentrant model
   126 ;;
   127                           
   128                           	psect	text0
   129  000100                     __ptext0:
   130                           	opt stack 0
   131  000100                     _main:
   132                           	opt stack 27
   133                           
   134                           ;main.c: 81: Init();
   135                           
   136                           ;incstack = 0
   137  000100  EC71  F000         	call	_Init	;wreg free
   138  000104                     l812:
   139                           
   140                           ;main.c: 84: _delay((unsigned long)((500)*(4000000/4000000.0)));
   141  000104  0EA6               	movlw	166
   142  000106                     u117:
   143  000106  2EE8               	decfsz	wreg,f,c
   144  000108  D7FE               	goto	u117
   145  00010A  D000               	nop2		;nop
   146                           
   147                           ;main.c: 85: Transmit(1, 'L');
   148  00010C  0E4C               	movlw	76
   149  00010E  6E11               	movwf	Transmit@trans_data,c
   150  000110  0E01               	movlw	1
   151  000112  EC62  F000         	call	_Transmit
   152  000116  D7F6               	goto	l812
   153  000118                     __end_of_main:
   154                           	opt stack 0
   155                           wreg	equ	0xFE8
   156                           
   157 ;; *************** function _Transmit *****************
   158 ;; Defined at:
   159 ;;		line 3 in file "communication.c"
   160 ;; Parameters:    Size  Location     Type
   161 ;;  slave           1    wreg     unsigned char 
   162 ;;  trans_data      1   16[COMRAM] unsigned char 
   163 ;; Auto vars:     Size  Location     Type
   164 ;;  slave           1   17[COMRAM] unsigned char 
   165 ;; Return value:  Size  Location     Type
   166 ;;		None               void
   167 ;; Registers used:
   168 ;;		wreg
   169 ;; Tracked objects:
   170 ;;		On entry : 0/0
   171 ;;		On exit  : 0/0
   172 ;;		Unchanged: 0/0
   173 ;; Data sizes:     COMRAM   BANK0   BANK1
   174 ;;      Params:         1       0       0
   175 ;;      Locals:         1       0       0
   176 ;;      Temps:          0       0       0
   177 ;;      Totals:         2       0       0
   178 ;;Total ram usage:        2 bytes
   179 ;; Hardware stack levels used:    1
   180 ;; Hardware stack levels required when called:    2
   181 ;; This function calls:
   182 ;;		Nothing
   183 ;; This function is called by:
   184 ;;		_main
   185 ;; This function uses a non-reentrant model
   186 ;;
   187                           
   188                           	psect	text1
   189  0000C4                     __ptext1:
   190                           	opt stack 0
   191  0000C4                     _Transmit:
   192                           	opt stack 28
   193                           
   194                           ;incstack = 0
   195                           ;Transmit@slave stored from wreg
   196  0000C4  6E12               	movwf	Transmit@slave,c
   197                           
   198                           ;communication.c: 4: PORTBbits.RB5 = 1;
   199  0000C6  8A81               	bsf	3969,5,c	;volatile
   200  0000C8                     l109:
   201  0000C8  A89E               	btfss	3998,4,c	;volatile
   202  0000CA  D7FE               	goto	l109
   203                           
   204                           ;communication.c: 6: TXSTA1bits.TX9D = 1;
   205  0000CC  80AC               	bsf	4012,0,c	;volatile
   206                           
   207                           ;communication.c: 7: TXREG1 = slave;
   208  0000CE  C012  FFAD         	movff	Transmit@slave,4013	;volatile
   209  0000D2                     l112:
   210  0000D2  A89E               	btfss	3998,4,c	;volatile
   211  0000D4  D7FE               	goto	l112
   212                           
   213                           ;communication.c: 9: TXREG1 = trans_data;
   214  0000D6  C011  FFAD         	movff	Transmit@trans_data,4013	;volatile
   215  0000DA                     l115:
   216  0000DA  A89E               	btfss	3998,4,c	;volatile
   217  0000DC  D7FE               	goto	l115
   218                           
   219                           ;communication.c: 11: PORTBbits.RB5 = 0;
   220  0000DE  9A81               	bcf	3969,5,c	;volatile
   221  0000E0  0012               	return		;funcret
   222  0000E2                     __end_of_Transmit:
   223                           	opt stack 0
   224                           wreg	equ	0xFE8
   225                           
   226 ;; *************** function _Init *****************
   227 ;; Defined at:
   228 ;;		line 3 in file "init.c"
   229 ;; Parameters:    Size  Location     Type
   230 ;;		None
   231 ;; Auto vars:     Size  Location     Type
   232 ;;		None
   233 ;; Return value:  Size  Location     Type
   234 ;;		None               void
   235 ;; Registers used:
   236 ;;		wreg, status,2, cstack
   237 ;; Tracked objects:
   238 ;;		On entry : 0/0
   239 ;;		On exit  : 0/0
   240 ;;		Unchanged: 0/0
   241 ;; Data sizes:     COMRAM   BANK0   BANK1
   242 ;;      Params:         0       0       0
   243 ;;      Locals:         0       0       0
   244 ;;      Temps:          0       0       0
   245 ;;      Totals:         0       0       0
   246 ;;Total ram usage:        0 bytes
   247 ;; Hardware stack levels used:    1
   248 ;; Hardware stack levels required when called:    3
   249 ;; This function calls:
   250 ;;		_InitAnsel
   251 ;;		_InitInterrupt
   252 ;;		_InitMiscellaneous
   253 ;;		_InitPort
   254 ;;		_InitTimer
   255 ;;		_InitTransmission
   256 ;;		_InitTris
   257 ;; This function is called by:
   258 ;;		_main
   259 ;; This function uses a non-reentrant model
   260 ;;
   261                           
   262                           	psect	text2
   263  0000E2                     __ptext2:
   264                           	opt stack 0
   265  0000E2                     _Init:
   266                           	opt stack 27
   267                           
   268                           ;init.c: 4: InitPort();
   269                           
   270                           ;incstack = 0
   271  0000E2  EC9F  F000         	call	_InitPort	;wreg free
   272                           
   273                           ;init.c: 5: InitTris();
   274  0000E6  EC96  F000         	call	_InitTris	;wreg free
   275                           
   276                           ;init.c: 6: InitAnsel();
   277  0000EA  EC8C  F000         	call	_InitAnsel	;wreg free
   278                           
   279                           ;init.c: 7: InitMiscellaneous();
   280  0000EE  ECB5  F000         	call	_InitMiscellaneous	;wreg free
   281                           
   282                           ;init.c: 8: InitTransmission();
   283  0000F2  EC50  F000         	call	_InitTransmission	;wreg free
   284                           
   285                           ;init.c: 9: InitTimer();
   286  0000F6  ECB8  F000         	call	_InitTimer	;wreg free
   287                           
   288                           ;init.c: 10: InitInterrupt();
   289  0000FA  ECAD  F000         	call	_InitInterrupt	;wreg free
   290  0000FE  0012               	return		;funcret
   291  000100                     __end_of_Init:
   292                           	opt stack 0
   293                           wreg	equ	0xFE8
   294                           
   295 ;; *************** function _InitTris *****************
   296 ;; Defined at:
   297 ;;		line 20 in file "init.c"
   298 ;; Parameters:    Size  Location     Type
   299 ;;		None
   300 ;; Auto vars:     Size  Location     Type
   301 ;;		None
   302 ;; Return value:  Size  Location     Type
   303 ;;		None               void
   304 ;; Registers used:
   305 ;;		wreg, status,2
   306 ;; Tracked objects:
   307 ;;		On entry : 0/0
   308 ;;		On exit  : 0/0
   309 ;;		Unchanged: 0/0
   310 ;; Data sizes:     COMRAM   BANK0   BANK1
   311 ;;      Params:         0       0       0
   312 ;;      Locals:         0       0       0
   313 ;;      Temps:          0       0       0
   314 ;;      Totals:         0       0       0
   315 ;;Total ram usage:        0 bytes
   316 ;; Hardware stack levels used:    1
   317 ;; Hardware stack levels required when called:    2
   318 ;; This function calls:
   319 ;;		Nothing
   320 ;; This function is called by:
   321 ;;		_Init
   322 ;; This function uses a non-reentrant model
   323 ;;
   324                           
   325                           	psect	text3
   326  00012C                     __ptext3:
   327                           	opt stack 0
   328  00012C                     _InitTris:
   329                           	opt stack 27
   330                           
   331                           ;init.c: 21: TRISA = 0b00000000;
   332                           
   333                           ;incstack = 0
   334  00012C  0E00               	movlw	0
   335  00012E  6E92               	movwf	3986,c	;volatile
   336                           
   337                           ;init.c: 22: TRISB = 0b00011111;
   338  000130  0E1F               	movlw	31
   339  000132  6E93               	movwf	3987,c	;volatile
   340                           
   341                           ;init.c: 23: TRISC = 0b10000010;
   342  000134  0E82               	movlw	130
   343  000136  6E94               	movwf	3988,c	;volatile
   344                           
   345                           ;init.c: 24: TRISE = 0;
   346  000138  0E00               	movlw	0
   347  00013A  6E96               	movwf	3990,c	;volatile
   348  00013C  0012               	return		;funcret
   349  00013E                     __end_of_InitTris:
   350                           	opt stack 0
   351                           wreg	equ	0xFE8
   352                           
   353 ;; *************** function _InitTransmission *****************
   354 ;; Defined at:
   355 ;;		line 37 in file "init.c"
   356 ;; Parameters:    Size  Location     Type
   357 ;;		None
   358 ;; Auto vars:     Size  Location     Type
   359 ;;		None
   360 ;; Return value:  Size  Location     Type
   361 ;;		None               void
   362 ;; Registers used:
   363 ;;		wreg, status,2
   364 ;; Tracked objects:
   365 ;;		On entry : 0/0
   366 ;;		On exit  : 0/0
   367 ;;		Unchanged: 0/0
   368 ;; Data sizes:     COMRAM   BANK0   BANK1
   369 ;;      Params:         0       0       0
   370 ;;      Locals:         0       0       0
   371 ;;      Temps:          0       0       0
   372 ;;      Totals:         0       0       0
   373 ;;Total ram usage:        0 bytes
   374 ;; Hardware stack levels used:    1
   375 ;; Hardware stack levels required when called:    2
   376 ;; This function calls:
   377 ;;		Nothing
   378 ;; This function is called by:
   379 ;;		_Init
   380 ;; This function uses a non-reentrant model
   381 ;;
   382                           
   383                           	psect	text4
   384  0000A0                     __ptext4:
   385                           	opt stack 0
   386  0000A0                     _InitTransmission:
   387                           	opt stack 27
   388                           
   389                           ;init.c: 39: SSP1STAT = 0b01000000;
   390                           
   391                           ;incstack = 0
   392  0000A0  0E40               	movlw	64
   393  0000A2  6EC7               	movwf	4039,c	;volatile
   394                           
   395                           ;init.c: 40: SSP1CON1 = 0b00100010;
   396  0000A4  0E22               	movlw	34
   397  0000A6  6EC6               	movwf	4038,c	;volatile
   398                           
   399                           ;init.c: 42: TXSTA1bits.SYNC = 0;
   400  0000A8  98AC               	bcf	4012,4,c	;volatile
   401                           
   402                           ;init.c: 43: TXSTA1bits.BRGH = 1;
   403  0000AA  84AC               	bsf	4012,2,c	;volatile
   404                           
   405                           ;init.c: 44: BAUDCON1bits.BRG16 = 0;
   406  0000AC  96B8               	bcf	4024,3,c	;volatile
   407                           
   408                           ;init.c: 45: SPBRG1 = 25;
   409  0000AE  0E19               	movlw	25
   410  0000B0  6EAF               	movwf	4015,c	;volatile
   411                           
   412                           ;init.c: 46: TRISCbits.RC6 = 1;
   413  0000B2  8C94               	bsf	3988,6,c	;volatile
   414                           
   415                           ;init.c: 47: TRISCbits.RC7 = 1;
   416  0000B4  8E94               	bsf	3988,7,c	;volatile
   417                           
   418                           ;init.c: 48: RCSTA1bits.SPEN = 1;
   419  0000B6  8EAB               	bsf	4011,7,c	;volatile
   420                           
   421                           ;init.c: 49: TXSTA1bits.TX9 = 1;
   422  0000B8  8CAC               	bsf	4012,6,c	;volatile
   423                           
   424                           ;init.c: 50: TXSTA1bits.TXEN = 1;
   425  0000BA  8AAC               	bsf	4012,5,c	;volatile
   426                           
   427                           ;init.c: 51: RCSTA1bits.RC9 = 1;
   428  0000BC  8CAB               	bsf	4011,6,c	;volatile
   429                           
   430                           ;init.c: 52: RCSTA1bits.CREN = 1;
   431  0000BE  88AB               	bsf	4011,4,c	;volatile
   432                           
   433                           ;init.c: 53: TRISCbits.RC6 = 0;
   434  0000C0  9C94               	bcf	3988,6,c	;volatile
   435  0000C2  0012               	return		;funcret
   436  0000C4                     __end_of_InitTransmission:
   437                           	opt stack 0
   438                           wreg	equ	0xFE8
   439                           
   440 ;; *************** function _InitTimer *****************
   441 ;; Defined at:
   442 ;;		line 56 in file "init.c"
   443 ;; Parameters:    Size  Location     Type
   444 ;;		None
   445 ;; Auto vars:     Size  Location     Type
   446 ;;		None
   447 ;; Return value:  Size  Location     Type
   448 ;;		None               void
   449 ;; Registers used:
   450 ;;		None
   451 ;; Tracked objects:
   452 ;;		On entry : 0/0
   453 ;;		On exit  : 0/0
   454 ;;		Unchanged: 0/0
   455 ;; Data sizes:     COMRAM   BANK0   BANK1
   456 ;;      Params:         0       0       0
   457 ;;      Locals:         0       0       0
   458 ;;      Temps:          0       0       0
   459 ;;      Totals:         0       0       0
   460 ;;Total ram usage:        0 bytes
   461 ;; Hardware stack levels used:    1
   462 ;; Hardware stack levels required when called:    2
   463 ;; This function calls:
   464 ;;		Nothing
   465 ;; This function is called by:
   466 ;;		_Init
   467 ;; This function uses a non-reentrant model
   468 ;;
   469                           
   470                           	psect	text5
   471  000170                     __ptext5:
   472                           	opt stack 0
   473  000170                     _InitTimer:
   474                           	opt stack 27
   475                           
   476                           ;incstack = 0
   477  000170  0012               	return		;funcret
   478  000172                     __end_of_InitTimer:
   479                           	opt stack 0
   480                           wreg	equ	0xFE8
   481                           
   482 ;; *************** function _InitPort *****************
   483 ;; Defined at:
   484 ;;		line 13 in file "init.c"
   485 ;; Parameters:    Size  Location     Type
   486 ;;		None
   487 ;; Auto vars:     Size  Location     Type
   488 ;;		None
   489 ;; Return value:  Size  Location     Type
   490 ;;		None               void
   491 ;; Registers used:
   492 ;;		wreg, status,2
   493 ;; Tracked objects:
   494 ;;		On entry : 0/0
   495 ;;		On exit  : 0/0
   496 ;;		Unchanged: 0/0
   497 ;; Data sizes:     COMRAM   BANK0   BANK1
   498 ;;      Params:         0       0       0
   499 ;;      Locals:         0       0       0
   500 ;;      Temps:          0       0       0
   501 ;;      Totals:         0       0       0
   502 ;;Total ram usage:        0 bytes
   503 ;; Hardware stack levels used:    1
   504 ;; Hardware stack levels required when called:    2
   505 ;; This function calls:
   506 ;;		Nothing
   507 ;; This function is called by:
   508 ;;		_Init
   509 ;; This function uses a non-reentrant model
   510 ;;
   511                           
   512                           	psect	text6
   513  00013E                     __ptext6:
   514                           	opt stack 0
   515  00013E                     _InitPort:
   516                           	opt stack 27
   517                           
   518                           ;init.c: 14: PORTA = 0b00000000;
   519                           
   520                           ;incstack = 0
   521  00013E  0E00               	movlw	0
   522  000140  6E80               	movwf	3968,c	;volatile
   523                           
   524                           ;init.c: 15: PORTB = 0b00000000;
   525  000142  0E00               	movlw	0
   526  000144  6E81               	movwf	3969,c	;volatile
   527                           
   528                           ;init.c: 16: PORTC = 0b00000001;
   529  000146  0E01               	movlw	1
   530  000148  6E82               	movwf	3970,c	;volatile
   531                           
   532                           ;init.c: 17: PORTE = 0;
   533  00014A  0E00               	movlw	0
   534  00014C  6E84               	movwf	3972,c	;volatile
   535  00014E  0012               	return		;funcret
   536  000150                     __end_of_InitPort:
   537                           	opt stack 0
   538                           wreg	equ	0xFE8
   539                           
   540 ;; *************** function _InitMiscellaneous *****************
   541 ;; Defined at:
   542 ;;		line 33 in file "init.c"
   543 ;; Parameters:    Size  Location     Type
   544 ;;		None
   545 ;; Auto vars:     Size  Location     Type
   546 ;;		None
   547 ;; Return value:  Size  Location     Type
   548 ;;		None               void
   549 ;; Registers used:
   550 ;;		wreg, status,2
   551 ;; Tracked objects:
   552 ;;		On entry : 0/0
   553 ;;		On exit  : 0/0
   554 ;;		Unchanged: 0/0
   555 ;; Data sizes:     COMRAM   BANK0   BANK1
   556 ;;      Params:         0       0       0
   557 ;;      Locals:         0       0       0
   558 ;;      Temps:          0       0       0
   559 ;;      Totals:         0       0       0
   560 ;;Total ram usage:        0 bytes
   561 ;; Hardware stack levels used:    1
   562 ;; Hardware stack levels required when called:    2
   563 ;; This function calls:
   564 ;;		Nothing
   565 ;; This function is called by:
   566 ;;		_Init
   567 ;; This function uses a non-reentrant model
   568 ;;
   569                           
   570                           	psect	text7
   571  00016A                     __ptext7:
   572                           	opt stack 0
   573  00016A                     _InitMiscellaneous:
   574                           	opt stack 27
   575                           
   576                           ;init.c: 34: OSCCON = 0b01010011;
   577                           
   578                           ;incstack = 0
   579  00016A  0E53               	movlw	83
   580  00016C  6ED3               	movwf	4051,c	;volatile
   581  00016E  0012               	return		;funcret
   582  000170                     __end_of_InitMiscellaneous:
   583                           	opt stack 0
   584                           wreg	equ	0xFE8
   585                           
   586 ;; *************** function _InitInterrupt *****************
   587 ;; Defined at:
   588 ;;		line 60 in file "init.c"
   589 ;; Parameters:    Size  Location     Type
   590 ;;		None
   591 ;; Auto vars:     Size  Location     Type
   592 ;;		None
   593 ;; Return value:  Size  Location     Type
   594 ;;		None               void
   595 ;; Registers used:
   596 ;;		None
   597 ;; Tracked objects:
   598 ;;		On entry : 0/0
   599 ;;		On exit  : 0/0
   600 ;;		Unchanged: 0/0
   601 ;; Data sizes:     COMRAM   BANK0   BANK1
   602 ;;      Params:         0       0       0
   603 ;;      Locals:         0       0       0
   604 ;;      Temps:          0       0       0
   605 ;;      Totals:         0       0       0
   606 ;;Total ram usage:        0 bytes
   607 ;; Hardware stack levels used:    1
   608 ;; Hardware stack levels required when called:    2
   609 ;; This function calls:
   610 ;;		Nothing
   611 ;; This function is called by:
   612 ;;		_Init
   613 ;; This function uses a non-reentrant model
   614 ;;
   615                           
   616                           	psect	text8
   617  00015A                     __ptext8:
   618                           	opt stack 0
   619  00015A                     _InitInterrupt:
   620                           	opt stack 27
   621                           
   622                           ;init.c: 61: INTCONbits.GIE = 1;
   623                           
   624                           ;incstack = 0
   625  00015A  8EF2               	bsf	intcon,7,c	;volatile
   626                           
   627                           ;init.c: 62: INTCONbits.PEIE = 1;
   628  00015C  8CF2               	bsf	intcon,6,c	;volatile
   629                           
   630                           ;init.c: 63: PIE1bits.RCIE = 1;
   631  00015E  8A9D               	bsf	3997,5,c	;volatile
   632  000160  0012               	return		;funcret
   633  000162                     __end_of_InitInterrupt:
   634                           	opt stack 0
   635                           intcon	equ	0xFF2
   636                           wreg	equ	0xFE8
   637                           
   638 ;; *************** function _InitAnsel *****************
   639 ;; Defined at:
   640 ;;		line 27 in file "init.c"
   641 ;; Parameters:    Size  Location     Type
   642 ;;		None
   643 ;; Auto vars:     Size  Location     Type
   644 ;;		None
   645 ;; Return value:  Size  Location     Type
   646 ;;		None               void
   647 ;; Registers used:
   648 ;;		wreg, status,2
   649 ;; Tracked objects:
   650 ;;		On entry : 0/0
   651 ;;		On exit  : 0/0
   652 ;;		Unchanged: 0/0
   653 ;; Data sizes:     COMRAM   BANK0   BANK1
   654 ;;      Params:         0       0       0
   655 ;;      Locals:         0       0       0
   656 ;;      Temps:          0       0       0
   657 ;;      Totals:         0       0       0
   658 ;;Total ram usage:        0 bytes
   659 ;; Hardware stack levels used:    1
   660 ;; Hardware stack levels required when called:    2
   661 ;; This function calls:
   662 ;;		Nothing
   663 ;; This function is called by:
   664 ;;		_Init
   665 ;; This function uses a non-reentrant model
   666 ;;
   667                           
   668                           	psect	text9
   669  000118                     __ptext9:
   670                           	opt stack 0
   671  000118                     _InitAnsel:
   672                           	opt stack 27
   673                           
   674                           ;init.c: 28: ANSELA = 0;
   675                           
   676                           ;incstack = 0
   677  000118  0E00               	movlw	0
   678  00011A  010F               	movlb	15	; () banked
   679  00011C  6F38               	movwf	56,b	;volatile
   680                           
   681                           ;init.c: 29: ANSELB = 0;
   682  00011E  0E00               	movlw	0
   683  000120  010F               	movlb	15	; () banked
   684  000122  6F39               	movwf	57,b	;volatile
   685                           
   686                           ;init.c: 30: ANSELC = 0;
   687  000124  0E00               	movlw	0
   688  000126  010F               	movlb	15	; () banked
   689  000128  6F3A               	movwf	58,b	;volatile
   690                           
   691                           ; BSR set to: 15
   692  00012A  0012               	return		;funcret
   693  00012C                     __end_of_InitAnsel:
   694                           	opt stack 0
   695                           intcon	equ	0xFF2
   696                           wreg	equ	0xFE8
   697                           
   698 ;; *************** function _Isr *****************
   699 ;; Defined at:
   700 ;;		line 3 in file "interrupt.c"
   701 ;; Parameters:    Size  Location     Type
   702 ;;		None
   703 ;; Auto vars:     Size  Location     Type
   704 ;;  received        1   15[COMRAM] unsigned char 
   705 ;; Return value:  Size  Location     Type
   706 ;;		None               void
   707 ;; Registers used:
   708 ;;		wreg, status,2, status,0, cstack
   709 ;; Tracked objects:
   710 ;;		On entry : 0/0
   711 ;;		On exit  : 0/0
   712 ;;		Unchanged: 0/0
   713 ;; Data sizes:     COMRAM   BANK0   BANK1
   714 ;;      Params:         0       0       0
   715 ;;      Locals:         1       0       0
   716 ;;      Temps:         14       0       0
   717 ;;      Totals:        15       0       0
   718 ;;Total ram usage:       15 bytes
   719 ;; Hardware stack levels used:    1
   720 ;; Hardware stack levels required when called:    1
   721 ;; This function calls:
   722 ;;		_Receive
   723 ;; This function is called by:
   724 ;;		Interrupt level 2
   725 ;; This function uses a non-reentrant model
   726 ;;
   727                           
   728                           	psect	intcode
   729  000008                     __pintcode:
   730                           	opt stack 0
   731  000008                     _Isr:
   732                           	opt stack 27
   733                           
   734                           ; BSR set to: 15
   735                           ;incstack = 0
   736  000008  8213               	bsf	btemp,1,c	;set compiler interrupt flag (level 2)
   737  00000A  CFFA F002          	movff	pclath,??_Isr
   738  00000E  CFFB F003          	movff	pclatu,??_Isr+1
   739  000012  CFE9 F004          	movff	fsr0l,??_Isr+2
   740  000016  CFEA F005          	movff	fsr0h,??_Isr+3
   741  00001A  CFE1 F006          	movff	fsr1l,??_Isr+4
   742  00001E  CFE2 F007          	movff	fsr1h,??_Isr+5
   743  000022  CFD9 F008          	movff	fsr2l,??_Isr+6
   744  000026  CFDA F009          	movff	fsr2h,??_Isr+7
   745  00002A  CFF3 F00A          	movff	prodl,??_Isr+8
   746  00002E  CFF4 F00B          	movff	prodh,??_Isr+9
   747  000032  CFF6 F00C          	movff	tblptrl,??_Isr+10
   748  000036  CFF7 F00D          	movff	tblptrh,??_Isr+11
   749  00003A  CFF8 F00E          	movff	tblptru,??_Isr+12
   750  00003E  CFF5 F00F          	movff	tablat,??_Isr+13
   751                           
   752                           ;interrupt.c: 4: if(PIR1bits.RCIF == 1) {
   753  000042  AA9E               	btfss	3998,5,c	;volatile
   754  000044  D00D               	goto	i2l134
   755                           
   756                           ;interrupt.c: 5: PIR1bits.RCIF = 0;
   757  000046  9A9E               	bcf	3998,5,c	;volatile
   758                           
   759                           ;interrupt.c: 6: unsigned char received = 0;
   760  000048  0E00               	movlw	0
   761  00004A  6E10               	movwf	Isr@received,c
   762                           
   763                           ;interrupt.c: 7: received = Receive();
   764  00004C  ECB1  F000         	call	_Receive	;wreg free
   765  000050  6E10               	movwf	Isr@received,c
   766                           
   767                           ;interrupt.c: 8: if(received == 1 || received == 'L') {
   768  000052  0410               	decf	Isr@received,w,c
   769  000054  B4D8               	btfsc	status,2,c
   770  000056  D003               	goto	i2l133
   771  000058  0E4C               	movlw	76
   772  00005A  1810               	xorwf	Isr@received,w,c
   773  00005C  B4D8               	btfsc	status,2,c
   774  00005E                     i2l133:
   775                           
   776                           ;interrupt.c: 9: PORTAbits.RA0 = 1;
   777  00005E  8080               	bsf	3968,0,c	;volatile
   778  000060                     i2l134:
   779  000060  C00F  FFF5         	movff	??_Isr+13,tablat
   780  000064  C00E  FFF8         	movff	??_Isr+12,tblptru
   781  000068  C00D  FFF7         	movff	??_Isr+11,tblptrh
   782  00006C  C00C  FFF6         	movff	??_Isr+10,tblptrl
   783  000070  C00B  FFF4         	movff	??_Isr+9,prodh
   784  000074  C00A  FFF3         	movff	??_Isr+8,prodl
   785  000078  C009  FFDA         	movff	??_Isr+7,fsr2h
   786  00007C  C008  FFD9         	movff	??_Isr+6,fsr2l
   787  000080  C007  FFE2         	movff	??_Isr+5,fsr1h
   788  000084  C006  FFE1         	movff	??_Isr+4,fsr1l
   789  000088  C005  FFEA         	movff	??_Isr+3,fsr0h
   790  00008C  C004  FFE9         	movff	??_Isr+2,fsr0l
   791  000090  C003  FFFB         	movff	??_Isr+1,pclatu
   792  000094  C002  FFFA         	movff	??_Isr,pclath
   793  000098  9213               	bcf	btemp,1,c	;clear compiler interrupt flag (level 2)
   794  00009A  0011               	retfie		f
   795  00009C                     __end_of_Isr:
   796                           	opt stack 0
   797                           pclatu	equ	0xFFB
   798                           pclath	equ	0xFFA
   799                           tblptru	equ	0xFF8
   800                           tblptrh	equ	0xFF7
   801                           tblptrl	equ	0xFF6
   802                           tablat	equ	0xFF5
   803                           prodh	equ	0xFF4
   804                           prodl	equ	0xFF3
   805                           intcon	equ	0xFF2
   806                           fsr0h	equ	0xFEA
   807                           fsr0l	equ	0xFE9
   808                           wreg	equ	0xFE8
   809                           fsr1h	equ	0xFE2
   810                           fsr1l	equ	0xFE1
   811                           fsr2h	equ	0xFDA
   812                           fsr2l	equ	0xFD9
   813                           status	equ	0xFD8
   814                           
   815 ;; *************** function _Receive *****************
   816 ;; Defined at:
   817 ;;		line 15 in file "communication.c"
   818 ;; Parameters:    Size  Location     Type
   819 ;;		None
   820 ;; Auto vars:     Size  Location     Type
   821 ;;  received        1    0[COMRAM] unsigned char 
   822 ;; Return value:  Size  Location     Type
   823 ;;                  1    wreg      unsigned char 
   824 ;; Registers used:
   825 ;;		wreg, status,2
   826 ;; Tracked objects:
   827 ;;		On entry : 0/0
   828 ;;		On exit  : 0/0
   829 ;;		Unchanged: 0/0
   830 ;; Data sizes:     COMRAM   BANK0   BANK1
   831 ;;      Params:         0       0       0
   832 ;;      Locals:         1       0       0
   833 ;;      Temps:          0       0       0
   834 ;;      Totals:         1       0       0
   835 ;;Total ram usage:        1 bytes
   836 ;; Hardware stack levels used:    1
   837 ;; This function calls:
   838 ;;		Nothing
   839 ;; This function is called by:
   840 ;;		_Isr
   841 ;; This function uses a non-reentrant model
   842 ;;
   843                           
   844                           	psect	text11
   845  000162                     __ptext11:
   846                           	opt stack 0
   847  000162                     _Receive:
   848                           	opt stack 27
   849                           
   850                           ;communication.c: 16: unsigned char received = 0;
   851                           
   852                           ;incstack = 0
   853  000162  0E00               	movlw	0
   854  000164  6E01               	movwf	Receive@received,c
   855                           
   856                           ;communication.c: 17: return (received);
   857  000166  5001               	movf	Receive@received,w,c
   858  000168  0012               	return	
   859  00016A                     __end_of_Receive:
   860                           	opt stack 0
   861  0000                     pclatu	equ	0xFFB
   862                           pclath	equ	0xFFA
   863                           tblptru	equ	0xFF8
   864                           tblptrh	equ	0xFF7
   865                           tblptrl	equ	0xFF6
   866                           tablat	equ	0xFF5
   867                           prodh	equ	0xFF4
   868                           prodl	equ	0xFF3
   869                           intcon	equ	0xFF2
   870                           fsr0h	equ	0xFEA
   871                           fsr0l	equ	0xFE9
   872                           wreg	equ	0xFE8
   873                           fsr1h	equ	0xFE2
   874                           fsr1l	equ	0xFE1
   875                           fsr2h	equ	0xFDA
   876                           fsr2l	equ	0xFD9
   877                           status	equ	0xFD8
   878                           pclatu	equ	0xFFB
   879                           pclath	equ	0xFFA
   880                           tblptru	equ	0xFF8
   881                           tblptrh	equ	0xFF7
   882                           tblptrl	equ	0xFF6
   883                           tablat	equ	0xFF5
   884                           prodh	equ	0xFF4
   885                           prodl	equ	0xFF3
   886                           intcon	equ	0xFF2
   887                           fsr0h	equ	0xFEA
   888                           fsr0l	equ	0xFE9
   889                           wreg	equ	0xFE8
   890                           fsr1h	equ	0xFE2
   891                           fsr1l	equ	0xFE1
   892                           fsr2h	equ	0xFDA
   893                           fsr2l	equ	0xFD9
   894                           status	equ	0xFD8
   895                           
   896                           	psect	rparam
   897  0000                     pclatu	equ	0xFFB
   898                           pclath	equ	0xFFA
   899                           tblptru	equ	0xFF8
   900                           tblptrh	equ	0xFF7
   901                           tblptrl	equ	0xFF6
   902                           tablat	equ	0xFF5
   903                           prodh	equ	0xFF4
   904                           prodl	equ	0xFF3
   905                           intcon	equ	0xFF2
   906                           fsr0h	equ	0xFEA
   907                           fsr0l	equ	0xFE9
   908                           wreg	equ	0xFE8
   909                           fsr1h	equ	0xFE2
   910                           fsr1l	equ	0xFE1
   911                           fsr2h	equ	0xFDA
   912                           fsr2l	equ	0xFD9
   913                           status	equ	0xFD8
   914                           
   915                           	psect	temp
   916  000013                     btemp:
   917                           	opt stack 0
   918  000013                     	ds	1
   919  0000                     int$flags	set	btemp
   920                           pclatu	equ	0xFFB
   921                           pclath	equ	0xFFA
   922                           tblptru	equ	0xFF8
   923                           tblptrh	equ	0xFF7
   924                           tblptrl	equ	0xFF6
   925                           tablat	equ	0xFF5
   926                           prodh	equ	0xFF4
   927                           prodl	equ	0xFF3
   928                           intcon	equ	0xFF2
   929                           fsr0h	equ	0xFEA
   930                           fsr0l	equ	0xFE9
   931                           wreg	equ	0xFE8
   932                           fsr1h	equ	0xFE2
   933                           fsr1l	equ	0xFE1
   934                           fsr2h	equ	0xFDA
   935                           fsr2l	equ	0xFD9
   936                           status	equ	0xFD8


Data Sizes:
    Strings     0
    Constant    0
    Data        0
    BSS         0
    Persistent  0
    Stack       0

Auto Spaces:
    Space          Size  Autos    Used
    COMRAM           94     18      18
    BANK0           160      0       0
    BANK1           256      0       0

Pointer List with Targets:

    None.

Critical Paths under _main in COMRAM

    _main->_Transmit

Critical Paths under _Isr in COMRAM

    _Isr->_Receive

Critical Paths under _main in BANK0

    None.

Critical Paths under _Isr in BANK0

    None.

Critical Paths under _main in BANK1

    None.

Critical Paths under _Isr in BANK1

    None.

Call Graph Tables:

 ---------------------------------------------------------------------------------
 (Depth) Function   	        Calls       Base Space   Used Autos Params    Refs
 ---------------------------------------------------------------------------------
 (0) _main                                                 0     0      0      87
                               _Init
                           _Transmit
 ---------------------------------------------------------------------------------
 (1) _Transmit                                             2     1      1      87
                                             16 COMRAM     2     1      1
 ---------------------------------------------------------------------------------
 (1) _Init                                                 0     0      0       0
                          _InitAnsel
                      _InitInterrupt
                  _InitMiscellaneous
                           _InitPort
                          _InitTimer
                   _InitTransmission
                           _InitTris
 ---------------------------------------------------------------------------------
 (2) _InitTris                                             0     0      0       0
 ---------------------------------------------------------------------------------
 (2) _InitTransmission                                     0     0      0       0
 ---------------------------------------------------------------------------------
 (2) _InitTimer                                            0     0      0       0
 ---------------------------------------------------------------------------------
 (2) _InitPort                                             0     0      0       0
 ---------------------------------------------------------------------------------
 (2) _InitMiscellaneous                                    0     0      0       0
 ---------------------------------------------------------------------------------
 (2) _InitInterrupt                                        0     0      0       0
 ---------------------------------------------------------------------------------
 (2) _InitAnsel                                            0     0      0       0
 ---------------------------------------------------------------------------------
 Estimated maximum stack depth 2
 ---------------------------------------------------------------------------------
 (Depth) Function   	        Calls       Base Space   Used Autos Params    Refs
 ---------------------------------------------------------------------------------
 (3) _Isr                                                 15    15      0      45
                                              1 COMRAM    15    15      0
                            _Receive
 ---------------------------------------------------------------------------------
 (4) _Receive                                              1     1      0      15
                                              0 COMRAM     1     1      0
 ---------------------------------------------------------------------------------
 Estimated maximum stack depth 4
 ---------------------------------------------------------------------------------

 Call Graph Graphs:

 _main (ROOT)
   _Init
     _InitAnsel
     _InitInterrupt
     _InitMiscellaneous
     _InitPort
     _InitTimer
     _InitTransmission
     _InitTris
   _Transmit

 _Isr (ROOT)
   _Receive

 Address spaces:
Name               Size   Autos  Total    Cost      Usage
BITCOMRAM           5E      0       0       0        0.0%
EEDATA             100      0       0       0        0.0%
NULL                 0      0       0       0        0.0%
CODE                 0      0       0       0        0.0%
COMRAM              5E     12      12       1       19.1%
STACK                0      0       0       2        0.0%
BITBANK0            A0      0       0       3        0.0%
BANK0               A0      0       0       4        0.0%
BANK1              100      0       0       5        0.0%
ABS                  0      0       0       6        0.0%
BITBANK1           100      0       0       7        0.0%
BIGRAM             1FF      0       0       8        0.0%
DATA                 0      0       0       9        0.0%
BITSFR_1             0      0       0      40        0.0%
SFR_1                0      0       0      40        0.0%
BITSFR               0      0       0      40        0.0%
SFR                  0      0       0      40        0.0%


Microchip Technology PIC18 Macro Assembler V1.35 build -356382666 
Symbol Table                                                                                   Sun Jul 17 22:09:15 2016

              __CFG_CP0$OFF 000000                __CFG_CP1$OFF 000000                         l112 00D2  
                       l115 00DA                         l109 00C8                         l812 0104  
              __CFG_CPB$OFF 000000                         u117 0106                __CFG_CPD$OFF 000000  
                       _Isr 0008                         wreg 000FE8                  _TXSTA1bits 000FAC  
              __CFG_LVP$OFF 000000                        ?_Isr 0001                        _Init 00E2  
                      _main 0100                        fsr0h 000FEA                        fsr1h 000FE2  
                      fsr0l 000FE9                        fsr2h 000FDA                        fsr1l 000FE1  
                      fsr2l 000FD9                        btemp 0013               __CFG_BORV$190 000000  
                      pclat 000FFA                        prodh 000FF4                        prodl 000FF3  
                      start 009C               __CFG_IESO$OFF 000000                ___param_bank 000010  
             _InitInterrupt 015A                       ??_Isr 0002             __end_of_Receive 016A  
              _BAUDCON1bits 000FB8                       ?_Init 0001                       ?_main 0001  
         _InitMiscellaneous 016A                       i2l133 005E                       i2l134 0060  
                     _PORTA 000F80                       _PORTB 000F81                       _PORTC 000F82  
                     _PORTE 000F84                       _TRISA 000F92                       _TRISB 000F93  
                     _TRISC 000F94                       _TRISE 000F96               __CFG_WRT0$OFF 000000  
  __end_of_InitTransmission 00C4               __CFG_WRT1$OFF 000000          ?_InitMiscellaneous 0001  
            __CFG_EBTR0$OFF 000000              __CFG_FCMEN$OFF 000000              __CFG_EBTR1$OFF 000000  
             __CFG_WRTB$OFF 000000               __CFG_WRTC$OFF 000000               __CFG_WRTD$OFF 000000  
            __CFG_EBTRB$OFF 000000          __CFG_MCLRE$EXTMCLR 000000                 Isr@received 0010  
             Transmit@slave 0012              __CFG_BOREN$OFF 000000         ??_InitMiscellaneous 0011  
                     tablat 000FF5                       status 000FD8              ?_InitInterrupt 0001  
           __initialization 0150                __end_of_Init 0100                __end_of_main 0118  
          __end_of_InitPort 0150            __end_of_InitTris 013E   __end_of_InitMiscellaneous 0170  
                    ??_Init 0011             Receive@received 0001                      ??_main 0013  
             __activetblptr 000000            __end_of_Transmit 00E2                      _ANSELA 000F38  
                    _ANSELB 000F39                      _ANSELC 000F3A              __CFG_WDTEN$OFF 000000  
                    _OSCCON 000FD3          __size_of_InitAnsel 0014                      _SPBRG1 000FAF  
        __size_of_InitTimer 0002                      _TXREG1 000FAD                   ??_Receive 0001  
            __CFG_XINST$OFF 000000                      tblptrh 000FF7                      tblptrl 000FF6  
                    tblptru 000FF8             __CFG_HFOFST$OFF 000000                  __accesstop 0060  
   __end_of__initialization 0150             __CFG_PBADEN$OFF 000000             ??_InitInterrupt 0011  
             ___rparam_used 000001              __pcstackCOMRAM 0001  __size_of_InitMiscellaneous 0006  
         __end_of_InitAnsel 012C           __end_of_InitTimer 0172             __CFG_PLLCFG$OFF 000000  
                 ?_InitPort 0001                   ?_InitTris 0001          __CFG_CCP2MX$PORTC1 000000  
        __CFG_CCP3MX$PORTB5 000000                   ?_Transmit 0011           ?_InitTransmission 0001  
         __CFG_PRICLKEN$OFF 000000          ??_InitTransmission 0011                  ??_InitPort 0011  
                ??_InitTris 0011             __CFG_PWRTEN$OFF 000000                     _Receive 0162  
                   __Hparam 0000                     __Lparam 0000                  ??_Transmit 0012  
           __CFG_STVREN$OFF 000000                     __pcinit 0150                     __ramtop 0200  
                   __ptext0 0100                     __ptext1 00C4                     __ptext2 00E2  
                   __ptext3 012C                     __ptext4 00A0                     __ptext5 0170  
                   __ptext6 013E                     __ptext7 016A                     __ptext8 015A  
                   __ptext9 0118                __size_of_Isr 0094        end_of_initialization 0150  
                 _PORTAbits 000F80                   _PORTBbits 000F81                   _TRISCbits 000F94  
       start_initialization 0150                   _InitAnsel 0118                 __end_of_Isr 009C  
                 _InitTimer 0170           __size_of_InitPort 0012           __size_of_InitTris 0012  
     __end_of_InitInterrupt 0162          Transmit@trans_data 0011           __size_of_Transmit 001E  
                ?_InitAnsel 0001                  ?_InitTimer 0001                    ?_Receive 0001  
 __size_of_InitTransmission 0024                   __pintcode 0008                    _PIE1bits 000F9D  
                  _PIR1bits 000F9E            __CFG_WDTPS$32768 000000                    _SSP1CON1 000FC6  
                  _SSP1STAT 000FC7                 ??_InitAnsel 0011                 ??_InitTimer 0011  
                  _InitPort 013E                    _InitTris 012C                    __Hrparam 0000  
          __size_of_Receive 0008                    __Lrparam 0000           __CFG_P2BMX$PORTB5 000000  
                  _Transmit 00C4                    __ptext11 0162               __size_of_Init 001E  
             __size_of_main 0018            _InitTransmission 00A0                    int$flags 0013  
                _INTCONbits 000FF2                    intlevel2 0000                  _RCSTA1bits 000FAB  
         __CFG_T3CMX$PORTC0 000000      __size_of_InitInterrupt 0008           __CFG_FOSC$INTIO67 000000  
